#
# There is insufficient memory for the Java Runtime Environment to continue.
# Native memory allocation (mmap) failed to map 65536 bytes for Failed to commit metaspace.
# Possible reasons:
#   The system is out of physical RAM or swap space
#   The process is running with CompressedOops enabled, and the Java Heap may be blocking the growth of the native heap
# Possible solutions:
#   Reduce memory load on the system
#   Increase physical memory or swap space
#   Check if swap backing store is full
#   Decrease Java heap size (-Xmx/-Xms)
#   Decrease number of Java threads
#   Decrease Java thread stack sizes (-Xss)
#   Set larger code cache with -XX:ReservedCodeCacheSize=
#   JVM is running with Zero Based Compressed Oops mode in which the Java heap is
#     placed in the first 32GB address space. The Java Heap base address is the
#     maximum limit for the native heap growth. Please use -XX:HeapBaseMinAddress
#     to set the Java Heap base and to place the Java Heap above 32GB virtual address.
# This output file may be truncated or incomplete.
#
#  Out of Memory Error (virtualSpaceNode.cpp:110), pid=28296, tid=3332
#
# JRE version: Java(TM) SE Runtime Environment (17.0.2+8) (build 17.0.2+8-LTS-86)
# Java VM: Java HotSpot(TM) 64-Bit Server VM (17.0.2+8-LTS-86, mixed mode, emulated-client, sharing, tiered, compressed oops, compressed class ptrs, g1 gc, windows-amd64)
# No core dump will be written. Minidumps are not enabled by default on client versions of Windows
#

---------------  S U M M A R Y ------------

Command Line: -XX:TieredStopAtLevel=1 -Xverify:none -Dspring.output.ansi.enabled=always -javaagent:C:\Program Files\JetBrains\IntelliJ IDEA 2021.3\lib\idea_rt.jar=50860:C:\Program Files\JetBrains\IntelliJ IDEA 2021.3\bin -Dcom.sun.management.jmxremote -Dspring.jmx.enabled=true -Dspring.liveBeansView.mbeanDomain -Dspring.application.admin.enabled=true -Dfile.encoding=UTF-8 com.isc.assignment.cms.CmsApplication

Host: Intel(R) Core(TM) i7-10750H CPU @ 2.60GHz, 12 cores, 15G,  Windows 10 , 64 bit Build 19041 (10.0.19041.5915)
Time: Thu Dec 25 14:42:30 2025 Iran Standard Time elapsed time: 1.383978 seconds (0d 0h 0m 1s)

---------------  T H R E A D  ---------------

Current thread (0x000002743bd33490):  JavaThread "main" [_thread_in_vm, id=3332, stack(0x000000e5ce000000,0x000000e5ce100000)]

Stack: [0x000000e5ce000000,0x000000e5ce100000]
Native frames: (J=compiled Java code, j=interpreted, Vv=VM code, C=native code)
V  [jvm.dll+0x670baa]
V  [jvm.dll+0x7cfcb4]
V  [jvm.dll+0x7d145e]
V  [jvm.dll+0x7d1ac3]
V  [jvm.dll+0x242bc5]
V  [jvm.dll+0x7cbc5b]
V  [jvm.dll+0x616966]
V  [jvm.dll+0x1be3ee]
V  [jvm.dll+0x6192a1]
V  [jvm.dll+0x617306]
V  [jvm.dll+0x621057]
V  [jvm.dll+0x1e7e2b]
V  [jvm.dll+0x1e8365]
V  [jvm.dll+0x1e8d9f]
V  [jvm.dll+0x1de251]
V  [jvm.dll+0x537c30]
V  [jvm.dll+0x74ad28]
V  [jvm.dll+0x74ae14]
V  [jvm.dll+0x408cc5]
V  [jvm.dll+0x40ed18]
C  [java.dll+0x17ec]

Java frames: (J=compiled Java code, j=interpreted, Vv=VM code)
J 1112  java.lang.ClassLoader.defineClass1(Ljava/lang/ClassLoader;Ljava/lang/String;[BIILjava/security/ProtectionDomain;Ljava/lang/String;)Ljava/lang/Class; java.base@17.0.2 (0 bytes) @ 0x0000027443934fe3 [0x0000027443934f20+0x00000000000000c3]
J 1208 c1 java.lang.ClassLoader.defineClass(Ljava/lang/String;[BIILjava/security/ProtectionDomain;)Ljava/lang/Class; java.base@17.0.2 (43 bytes) @ 0x000002744396036c [0x0000027443960260+0x000000000000010c]
J 1126 c1 jdk.internal.loader.BuiltinClassLoader.defineClass(Ljava/lang/String;Ljdk/internal/loader/Resource;)Ljava/lang/Class; java.base@17.0.2 (121 bytes) @ 0x000002744393f0f4 [0x000002744393ec20+0x00000000000004d4]
J 1122 c1 jdk.internal.loader.BuiltinClassLoader.findClassOnClassPathOrNull(Ljava/lang/String;)Ljava/lang/Class; java.base@17.0.2 (64 bytes) @ 0x000002744393cb44 [0x000002744393c880+0x00000000000002c4]
J 971 c1 jdk.internal.loader.BuiltinClassLoader.loadClassOrNull(Ljava/lang/String;Z)Ljava/lang/Class; java.base@17.0.2 (143 bytes) @ 0x00000274438f9d04 [0x00000274438f9880+0x0000000000000484]
J 1036 c1 jdk.internal.loader.ClassLoaders$AppClassLoader.loadClass(Ljava/lang/String;Z)Ljava/lang/Class; java.base@17.0.2 (40 bytes) @ 0x0000027443917bac [0x0000027443917a60+0x000000000000014c]
J 1035 c1 java.lang.ClassLoader.loadClass(Ljava/lang/String;)Ljava/lang/Class; java.base@17.0.2 (7 bytes) @ 0x0000027443917764 [0x0000027443917720+0x0000000000000044]
v  ~StubRoutines::call_stub
j  java.lang.Class.getDeclaredFields0(Z)[Ljava/lang/reflect/Field;+0 java.base@17.0.2
j  java.lang.Class.privateGetDeclaredFields(Z)[Ljava/lang/reflect/Field;+34 java.base@17.0.2
j  java.lang.Class.getDeclaredField(Ljava/lang/String;)Ljava/lang/reflect/Field;+25 java.base@17.0.2
j  org.springframework.boot.context.properties.bind.DefaultBindConstructorProvider$Constructors.isInnerClass(Ljava/lang/Class;)Z+3
j  org.springframework.boot.context.properties.bind.DefaultBindConstructorProvider$Constructors.getCandidateConstructors(Ljava/lang/Class;)[Ljava/lang/reflect/Constructor;+1
j  org.springframework.boot.context.properties.bind.DefaultBindConstructorProvider$Constructors.getConstructors(Ljava/lang/Class;Z)Lorg/springframework/boot/context/properties/bind/DefaultBindConstructorProvider$Constructors;+14
j  org.springframework.boot.context.properties.bind.DefaultBindConstructorProvider.getBindConstructor(Ljava/lang/Class;Z)Ljava/lang/reflect/Constructor;+2
j  org.springframework.boot.context.properties.ConfigurationPropertiesBean.deduceBindMethod(Ljava/lang/Class;)Lorg/springframework/boot/context/properties/bind/BindMethod;+5
j  org.springframework.boot.context.properties.ConfigurationPropertiesBeanRegistrar.createBeanDefinition(Ljava/lang/String;Ljava/lang/Class;)Lorg/springframework/beans/factory/config/BeanDefinitionHolder;+14
j  org.springframework.boot.context.properties.ConfigurationPropertiesBeanRegistrar.registerBeanDefinition(Ljava/lang/String;Ljava/lang/Class;Lorg/springframework/core/annotation/MergedAnnotation;)V+18
j  org.springframework.boot.context.properties.ConfigurationPropertiesBeanRegistrar.register(Ljava/lang/Class;Lorg/springframework/core/annotation/MergedAnnotation;)V+19
j  org.springframework.boot.context.properties.ConfigurationPropertiesBeanRegistrar.register(Ljava/lang/Class;)V+18
j  org.springframework.boot.context.properties.EnableConfigurationPropertiesRegistrar$$Lambda$592+0x0000000800ebd688.accept(Ljava/lang/Object;)V+8
j  java.lang.Iterable.forEach(Ljava/util/function/Consumer;)V+30 java.base@17.0.2
j  org.springframework.boot.context.properties.EnableConfigurationPropertiesRegistrar.registerBeanDefinitions(Lorg/springframework/core/type/AnnotationMetadata;Lorg/springframework/beans/factory/support/BeanDefinitionRegistry;)V+33
j  org.springframework.context.annotation.ImportBeanDefinitionRegistrar.registerBeanDefinitions(Lorg/springframework/core/type/AnnotationMetadata;Lorg/springframework/beans/factory/support/BeanDefinitionRegistry;Lorg/springframework/beans/factory/support/BeanNameGenerator;)V+3
j  org.springframework.context.annotation.ConfigurationClassBeanDefinitionReader.lambda$loadBeanDefinitionsFromRegistrars$1(Lorg/springframework/context/annotation/ImportBeanDefinitionRegistrar;Lorg/springframework/core/type/AnnotationMetadata;)V+10
j  org.springframework.context.annotation.ConfigurationClassBeanDefinitionReader$$Lambda$580+0x0000000800eb77c8.accept(Ljava/lang/Object;Ljava/lang/Object;)V+12
J 2492 c1 java.util.LinkedHashMap.forEach(Ljava/util/function/BiConsumer;)V java.base@17.0.2 (65 bytes) @ 0x0000027443bf1fec [0x0000027443bf1f60+0x000000000000008c]
j  org.springframework.context.annotation.ConfigurationClassBeanDefinitionReader.loadBeanDefinitionsFromRegistrars(Ljava/util/Map;)V+7
j  org.springframework.context.annotation.ConfigurationClassBeanDefinitionReader.loadBeanDefinitionsForConfigurationClass(Lorg/springframework/context/annotation/ConfigurationClass;Lorg/springframework/context/annotation/ConfigurationClassBeanDefinitionReader$TrackedConditionEvaluator;)V+126
j  org.springframework.context.annotation.ConfigurationClassBeanDefinitionReader.loadBeanDefinitions(Ljava/util/Set;)V+40
j  org.springframework.context.annotation.ConfigurationClassPostProcessor.processConfigBeanDefinitions(Lorg/springframework/beans/factory/support/BeanDefinitionRegistry;)V+378
j  org.springframework.context.annotation.ConfigurationClassPostProcessor.postProcessBeanDefinitionRegistry(Lorg/springframework/beans/factory/support/BeanDefinitionRegistry;)V+87
j  org.springframework.context.support.PostProcessorRegistrationDelegate.invokeBeanDefinitionRegistryPostProcessors(Ljava/util/Collection;Lorg/springframework/beans/factory/support/BeanDefinitionRegistry;Lorg/springframework/core/metrics/ApplicationStartup;)V+59
j  org.springframework.context.support.PostProcessorRegistrationDelegate.invokeBeanFactoryPostProcessors(Lorg/springframework/beans/factory/config/ConfigurableListableBeanFactory;Ljava/util/List;)V+238
j  org.springframework.context.support.AbstractApplicationContext.invokeBeanFactoryPostProcessors(Lorg/springframework/beans/factory/config/ConfigurableListableBeanFactory;)V+5
j  org.springframework.context.support.AbstractApplicationContext.refresh()V+62
j  org.springframework.boot.web.servlet.context.ServletWebServerApplicationContext.refresh()V+1
j  org.springframework.boot.SpringApplication.refresh(Lorg/springframework/context/ConfigurableApplicationContext;)V+1
j  org.springframework.boot.SpringApplication.refreshContext(Lorg/springframework/context/ConfigurableApplicationContext;)V+19
j  org.springframework.boot.SpringApplication.run([Ljava/lang/String;)Lorg/springframework/context/ConfigurableApplicationContext;+113
j  org.springframework.boot.SpringApplication.run([Ljava/lang/Class;[Ljava/lang/String;)Lorg/springframework/context/ConfigurableApplicationContext;+9
j  org.springframework.boot.SpringApplication.run(Ljava/lang/Class;[Ljava/lang/String;)Lorg/springframework/context/ConfigurableApplicationContext;+9
j  com.isc.assignment.cms.CmsApplication.main([Ljava/lang/String;)V+3
v  ~StubRoutines::call_stub

---------------  P R O C E S S  ---------------

Threads class SMR info:
_java_thread_list=0x000002745527f460, length=16, elements={
0x000002743bd33490, 0x0000027452be1b60, 0x0000027452be27d0, 0x0000027452bf4790,
0x0000027452bf5400, 0x0000027452bf5db0, 0x0000027452bf6760, 0x0000027452bfa1e0,
0x0000027452bfabd0, 0x0000027453847100, 0x0000027452bcc950, 0x0000027452bcd0f0,
0x0000027453c9cf90, 0x0000027453c9d460, 0x0000027453dc5cf0, 0x0000027454182410
}

Java Threads: ( => current thread )
=>0x000002743bd33490 JavaThread "main" [_thread_in_vm, id=3332, stack(0x000000e5ce000000,0x000000e5ce100000)]
  0x0000027452be1b60 JavaThread "Reference Handler" daemon [_thread_blocked, id=31124, stack(0x000000e5ce700000,0x000000e5ce800000)]
  0x0000027452be27d0 JavaThread "Finalizer" daemon [_thread_blocked, id=41744, stack(0x000000e5ce800000,0x000000e5ce900000)]
  0x0000027452bf4790 JavaThread "Signal Dispatcher" daemon [_thread_blocked, id=29916, stack(0x000000e5ce900000,0x000000e5cea00000)]
  0x0000027452bf5400 JavaThread "Attach Listener" daemon [_thread_blocked, id=17448, stack(0x000000e5cea00000,0x000000e5ceb00000)]
  0x0000027452bf5db0 JavaThread "Service Thread" daemon [_thread_blocked, id=14704, stack(0x000000e5ceb00000,0x000000e5cec00000)]
  0x0000027452bf6760 JavaThread "Monitor Deflation Thread" daemon [_thread_blocked, id=14740, stack(0x000000e5cec00000,0x000000e5ced00000)]
  0x0000027452bfa1e0 JavaThread "C1 CompilerThread0" daemon [_thread_blocked, id=43812, stack(0x000000e5ced00000,0x000000e5cee00000)]
  0x0000027452bfabd0 JavaThread "Sweeper thread" daemon [_thread_blocked, id=28440, stack(0x000000e5cee00000,0x000000e5cef00000)]
  0x0000027453847100 JavaThread "Common-Cleaner" daemon [_thread_blocked, id=26884, stack(0x000000e5cef00000,0x000000e5cf000000)]
  0x0000027452bcc950 JavaThread "C1 CompilerThread1" daemon [_thread_blocked, id=14284, stack(0x000000e5cf000000,0x000000e5cf100000)]
  0x0000027452bcd0f0 JavaThread "C1 CompilerThread2" daemon [_thread_blocked, id=12044, stack(0x000000e5cf100000,0x000000e5cf200000)]
  0x0000027453c9cf90 JavaThread "Monitor Ctrl-Break" daemon [_thread_in_native, id=11784, stack(0x000000e5cf200000,0x000000e5cf300000)]
  0x0000027453c9d460 JavaThread "Notification Thread" daemon [_thread_blocked, id=27672, stack(0x000000e5cf300000,0x000000e5cf400000)]
  0x0000027453dc5cf0 JavaThread "RMI TCP Accept-0" daemon [_thread_in_native, id=22696, stack(0x000000e5cf400000,0x000000e5cf500000)]
  0x0000027454182410 JavaThread "C1 CompilerThread3" daemon [_thread_blocked, id=37112, stack(0x000000e5cf600000,0x000000e5cf700000)]

Other Threads:
  0x0000027452bdd060 VMThread "VM Thread" [stack: 0x000000e5ce600000,0x000000e5ce700000] [id=32024]
  0x000002743bd34450 WatcherThread [stack: 0x000000e5cf500000,0x000000e5cf600000] [id=43152]
  0x000002743bd83830 GCTaskThread "GC Thread#0" [stack: 0x000000e5ce100000,0x000000e5ce200000] [id=42892]
  0x000002745417ac90 GCTaskThread "GC Thread#1" [stack: 0x000000e5cf700000,0x000000e5cf800000] [id=11188]
  0x000002745417af40 GCTaskThread "GC Thread#2" [stack: 0x000000e5cf800000,0x000000e5cf900000] [id=42320]
  0x00000274541287d0 GCTaskThread "GC Thread#3" [stack: 0x000000e5cf900000,0x000000e5cfa00000] [id=3492]
  0x0000027454128a80 GCTaskThread "GC Thread#4" [stack: 0x000000e5cfa00000,0x000000e5cfb00000] [id=37956]
  0x0000027454128d30 GCTaskThread "GC Thread#5" [stack: 0x000000e5cfb00000,0x000000e5cfc00000] [id=39536]
  0x00000274541dfa40 GCTaskThread "GC Thread#6" [stack: 0x000000e5cfc00000,0x000000e5cfd00000] [id=12740]
  0x0000027455053b40 GCTaskThread "GC Thread#7" [stack: 0x000000e5cff00000,0x000000e5d0000000] [id=18624]
  0x0000027455053df0 GCTaskThread "GC Thread#8" [stack: 0x000000e5d0000000,0x000000e5d0100000] [id=35824]
  0x00000274550540a0 GCTaskThread "GC Thread#9" [stack: 0x000000e5d0100000,0x000000e5d0200000] [id=10484]
  0x000002743bd94330 ConcurrentGCThread "G1 Main Marker" [stack: 0x000000e5ce200000,0x000000e5ce300000] [id=37496]
  0x000002743bd94c40 ConcurrentGCThread "G1 Conc#0" [stack: 0x000000e5ce300000,0x000000e5ce400000] [id=16380]
  0x0000027452aa30e0 ConcurrentGCThread "G1 Refine#0" [stack: 0x000000e5ce400000,0x000000e5ce500000] [id=15720]
  0x00000274541dfcf0 ConcurrentGCThread "G1 Refine#1" [stack: 0x000000e5cfd00000,0x000000e5cfe00000] [id=31636]
  0x0000027452aa3a00 ConcurrentGCThread "G1 Service" [stack: 0x000000e5ce500000,0x000000e5ce600000] [id=42684]

Threads with active compile tasks:

VM state: not at safepoint (normal execution)

VM Mutex/Monitor currently owned by a thread:  ([mutex/lock_event])
[0x000002743bd2f110] Metaspace_lock - owner thread: 0x000002743bd33490

Heap address: 0x0000000703400000, size: 4044 MB, Compressed Oops mode: Zero based, Oop shift amount: 3

CDS archive(s) mapped at: [0x0000000800000000-0x0000000800bc0000-0x0000000800bc0000), size 12320768, SharedBaseAddress: 0x0000000800000000, ArchiveRelocationMode: 0.
Compressed class space mapped at: 0x0000000800c00000-0x0000000840c00000, reserved size: 1073741824
Narrow klass base: 0x0000000800000000, Narrow klass shift: 0, Narrow klass range: 0x100000000

GC Precious Log:
 CPUs: 12 total, 12 available
 Memory: 16169M
 Large Page Support: Disabled
 NUMA Support: Disabled
 Compressed Oops: Enabled (Zero based)
 Heap Region Size: 2M
 Heap Min Capacity: 8M
 Heap Initial Capacity: 254M
 Heap Max Capacity: 4044M
 Pre-touch: Disabled
 Parallel Workers: 10
 Concurrent Workers: 3
 Concurrent Refinement Workers: 10
 Periodic GC: Disabled

Heap:
 garbage-first heap   total 260096K, used 56922K [0x0000000703400000, 0x0000000800000000)
  region size 2048K, 26 young (53248K), 2 survivors (4096K)
 Metaspace       used 18261K, committed 18624K, reserved 1064960K
  class space    used 2486K, committed 2688K, reserved 1048576K

Heap Regions: E=young(eden), S=young(survivor), O=old, HS=humongous(starts), HC=humongous(continues), CS=collection set, F=free, OA=open archive, CA=closed archive, TAMS=top-at-mark-start (previous, next)
|   0|0x0000000703400000, 0x0000000703600000, 0x0000000703600000|100%| O|  |TAMS 0x0000000703400000, 0x0000000703400000| Untracked 
|   1|0x0000000703600000, 0x0000000703800000, 0x0000000703800000|100%| O|  |TAMS 0x0000000703600000, 0x0000000703600000| Untracked 
|   2|0x0000000703800000, 0x0000000703a00000, 0x0000000703a00000|100%| O|  |TAMS 0x0000000703800000, 0x0000000703800000| Untracked 
|   3|0x0000000703a00000, 0x0000000703b09a00, 0x0000000703c00000| 51%| O|  |TAMS 0x0000000703a00000, 0x0000000703a00000| Untracked 
|   4|0x0000000703c00000, 0x0000000703c00000, 0x0000000703e00000|  0%| F|  |TAMS 0x0000000703c00000, 0x0000000703c00000| Untracked 
|   5|0x0000000703e00000, 0x0000000703e00000, 0x0000000704000000|  0%| F|  |TAMS 0x0000000703e00000, 0x0000000703e00000| Untracked 
|   6|0x0000000704000000, 0x0000000704000000, 0x0000000704200000|  0%| F|  |TAMS 0x0000000704000000, 0x0000000704000000| Untracked 
|   7|0x0000000704200000, 0x0000000704200000, 0x0000000704400000|  0%| F|  |TAMS 0x0000000704200000, 0x0000000704200000| Untracked 
|   8|0x0000000704400000, 0x0000000704400000, 0x0000000704600000|  0%| F|  |TAMS 0x0000000704400000, 0x0000000704400000| Untracked 
|   9|0x0000000704600000, 0x0000000704600000, 0x0000000704800000|  0%| F|  |TAMS 0x0000000704600000, 0x0000000704600000| Untracked 
|  10|0x0000000704800000, 0x0000000704800000, 0x0000000704a00000|  0%| F|  |TAMS 0x0000000704800000, 0x0000000704800000| Untracked 
|  11|0x0000000704a00000, 0x0000000704a00000, 0x0000000704c00000|  0%| F|  |TAMS 0x0000000704a00000, 0x0000000704a00000| Untracked 
|  12|0x0000000704c00000, 0x0000000704c00000, 0x0000000704e00000|  0%| F|  |TAMS 0x0000000704c00000, 0x0000000704c00000| Untracked 
|  13|0x0000000704e00000, 0x0000000704e00000, 0x0000000705000000|  0%| F|  |TAMS 0x0000000704e00000, 0x0000000704e00000| Untracked 
|  14|0x0000000705000000, 0x0000000705000000, 0x0000000705200000|  0%| F|  |TAMS 0x0000000705000000, 0x0000000705000000| Untracked 
|  15|0x0000000705200000, 0x0000000705200000, 0x0000000705400000|  0%| F|  |TAMS 0x0000000705200000, 0x0000000705200000| Untracked 
|  16|0x0000000705400000, 0x0000000705400000, 0x0000000705600000|  0%| F|  |TAMS 0x0000000705400000, 0x0000000705400000| Untracked 
|  17|0x0000000705600000, 0x0000000705600000, 0x0000000705800000|  0%| F|  |TAMS 0x0000000705600000, 0x0000000705600000| Untracked 
|  18|0x0000000705800000, 0x0000000705800000, 0x0000000705a00000|  0%| F|  |TAMS 0x0000000705800000, 0x0000000705800000| Untracked 
|  19|0x0000000705a00000, 0x0000000705a00000, 0x0000000705c00000|  0%| F|  |TAMS 0x0000000705a00000, 0x0000000705a00000| Untracked 
|  20|0x0000000705c00000, 0x0000000705c00000, 0x0000000705e00000|  0%| F|  |TAMS 0x0000000705c00000, 0x0000000705c00000| Untracked 
|  21|0x0000000705e00000, 0x0000000705e00000, 0x0000000706000000|  0%| F|  |TAMS 0x0000000705e00000, 0x0000000705e00000| Untracked 
|  22|0x0000000706000000, 0x0000000706000000, 0x0000000706200000|  0%| F|  |TAMS 0x0000000706000000, 0x0000000706000000| Untracked 
|  23|0x0000000706200000, 0x0000000706200000, 0x0000000706400000|  0%| F|  |TAMS 0x0000000706200000, 0x0000000706200000| Untracked 
|  24|0x0000000706400000, 0x0000000706400000, 0x0000000706600000|  0%| F|  |TAMS 0x0000000706400000, 0x0000000706400000| Untracked 
|  25|0x0000000706600000, 0x0000000706600000, 0x0000000706800000|  0%| F|  |TAMS 0x0000000706600000, 0x0000000706600000| Untracked 
|  26|0x0000000706800000, 0x0000000706800000, 0x0000000706a00000|  0%| F|  |TAMS 0x0000000706800000, 0x0000000706800000| Untracked 
|  27|0x0000000706a00000, 0x0000000706a00000, 0x0000000706c00000|  0%| F|  |TAMS 0x0000000706a00000, 0x0000000706a00000| Untracked 
|  28|0x0000000706c00000, 0x0000000706c00000, 0x0000000706e00000|  0%| F|  |TAMS 0x0000000706c00000, 0x0000000706c00000| Untracked 
|  29|0x0000000706e00000, 0x0000000706e00000, 0x0000000707000000|  0%| F|  |TAMS 0x0000000706e00000, 0x0000000706e00000| Untracked 
|  30|0x0000000707000000, 0x0000000707000000, 0x0000000707200000|  0%| F|  |TAMS 0x0000000707000000, 0x0000000707000000| Untracked 
|  31|0x0000000707200000, 0x0000000707200000, 0x0000000707400000|  0%| F|  |TAMS 0x0000000707200000, 0x0000000707200000| Untracked 
|  32|0x0000000707400000, 0x0000000707400000, 0x0000000707600000|  0%| F|  |TAMS 0x0000000707400000, 0x0000000707400000| Untracked 
|  33|0x0000000707600000, 0x0000000707600000, 0x0000000707800000|  0%| F|  |TAMS 0x0000000707600000, 0x0000000707600000| Untracked 
|  34|0x0000000707800000, 0x0000000707800000, 0x0000000707a00000|  0%| F|  |TAMS 0x0000000707800000, 0x0000000707800000| Untracked 
|  35|0x0000000707a00000, 0x0000000707a00000, 0x0000000707c00000|  0%| F|  |TAMS 0x0000000707a00000, 0x0000000707a00000| Untracked 
|  36|0x0000000707c00000, 0x0000000707c00000, 0x0000000707e00000|  0%| F|  |TAMS 0x0000000707c00000, 0x0000000707c00000| Untracked 
|  37|0x0000000707e00000, 0x0000000707e00000, 0x0000000708000000|  0%| F|  |TAMS 0x0000000707e00000, 0x0000000707e00000| Untracked 
|  38|0x0000000708000000, 0x0000000708000000, 0x0000000708200000|  0%| F|  |TAMS 0x0000000708000000, 0x0000000708000000| Untracked 
|  39|0x0000000708200000, 0x0000000708200000, 0x0000000708400000|  0%| F|  |TAMS 0x0000000708200000, 0x0000000708200000| Untracked 
|  40|0x0000000708400000, 0x0000000708400000, 0x0000000708600000|  0%| F|  |TAMS 0x0000000708400000, 0x0000000708400000| Untracked 
|  41|0x0000000708600000, 0x0000000708600000, 0x0000000708800000|  0%| F|  |TAMS 0x0000000708600000, 0x0000000708600000| Untracked 
|  42|0x0000000708800000, 0x0000000708800000, 0x0000000708a00000|  0%| F|  |TAMS 0x0000000708800000, 0x0000000708800000| Untracked 
|  43|0x0000000708a00000, 0x0000000708a00000, 0x0000000708c00000|  0%| F|  |TAMS 0x0000000708a00000, 0x0000000708a00000| Untracked 
|  44|0x0000000708c00000, 0x0000000708c00000, 0x0000000708e00000|  0%| F|  |TAMS 0x0000000708c00000, 0x0000000708c00000| Untracked 
|  45|0x0000000708e00000, 0x0000000708e00000, 0x0000000709000000|  0%| F|  |TAMS 0x0000000708e00000, 0x0000000708e00000| Untracked 
|  46|0x0000000709000000, 0x0000000709000000, 0x0000000709200000|  0%| F|  |TAMS 0x0000000709000000, 0x0000000709000000| Untracked 
|  47|0x0000000709200000, 0x0000000709200000, 0x0000000709400000|  0%| F|  |TAMS 0x0000000709200000, 0x0000000709200000| Untracked 
|  48|0x0000000709400000, 0x0000000709400000, 0x0000000709600000|  0%| F|  |TAMS 0x0000000709400000, 0x0000000709400000| Untracked 
|  49|0x0000000709600000, 0x0000000709600000, 0x0000000709800000|  0%| F|  |TAMS 0x0000000709600000, 0x0000000709600000| Untracked 
|  50|0x0000000709800000, 0x0000000709800000, 0x0000000709a00000|  0%| F|  |TAMS 0x0000000709800000, 0x0000000709800000| Untracked 
|  51|0x0000000709a00000, 0x0000000709a00000, 0x0000000709c00000|  0%| F|  |TAMS 0x0000000709a00000, 0x0000000709a00000| Untracked 
|  52|0x0000000709c00000, 0x0000000709c00000, 0x0000000709e00000|  0%| F|  |TAMS 0x0000000709c00000, 0x0000000709c00000| Untracked 
|  53|0x0000000709e00000, 0x0000000709e00000, 0x000000070a000000|  0%| F|  |TAMS 0x0000000709e00000, 0x0000000709e00000| Untracked 
|  54|0x000000070a000000, 0x000000070a000000, 0x000000070a200000|  0%| F|  |TAMS 0x000000070a000000, 0x000000070a000000| Untracked 
|  55|0x000000070a200000, 0x000000070a200000, 0x000000070a400000|  0%| F|  |TAMS 0x000000070a200000, 0x000000070a200000| Untracked 
|  56|0x000000070a400000, 0x000000070a400000, 0x000000070a600000|  0%| F|  |TAMS 0x000000070a400000, 0x000000070a400000| Untracked 
|  57|0x000000070a600000, 0x000000070a600000, 0x000000070a800000|  0%| F|  |TAMS 0x000000070a600000, 0x000000070a600000| Untracked 
|  58|0x000000070a800000, 0x000000070a800000, 0x000000070aa00000|  0%| F|  |TAMS 0x000000070a800000, 0x000000070a800000| Untracked 
|  59|0x000000070aa00000, 0x000000070aa00000, 0x000000070ac00000|  0%| F|  |TAMS 0x000000070aa00000, 0x000000070aa00000| Untracked 
|  60|0x000000070ac00000, 0x000000070ac00000, 0x000000070ae00000|  0%| F|  |TAMS 0x000000070ac00000, 0x000000070ac00000| Untracked 
|  61|0x000000070ae00000, 0x000000070ae00000, 0x000000070b000000|  0%| F|  |TAMS 0x000000070ae00000, 0x000000070ae00000| Untracked 
|  62|0x000000070b000000, 0x000000070b000000, 0x000000070b200000|  0%| F|  |TAMS 0x000000070b000000, 0x000000070b000000| Untracked 
|  63|0x000000070b200000, 0x000000070b200000, 0x000000070b400000|  0%| F|  |TAMS 0x000000070b200000, 0x000000070b200000| Untracked 
|  64|0x000000070b400000, 0x000000070b400000, 0x000000070b600000|  0%| F|  |TAMS 0x000000070b400000, 0x000000070b400000| Untracked 
|  65|0x000000070b600000, 0x000000070b600000, 0x000000070b800000|  0%| F|  |TAMS 0x000000070b600000, 0x000000070b600000| Untracked 
|  66|0x000000070b800000, 0x000000070b800000, 0x000000070ba00000|  0%| F|  |TAMS 0x000000070b800000, 0x000000070b800000| Untracked 
|  67|0x000000070ba00000, 0x000000070ba00000, 0x000000070bc00000|  0%| F|  |TAMS 0x000000070ba00000, 0x000000070ba00000| Untracked 
|  68|0x000000070bc00000, 0x000000070bc00000, 0x000000070be00000|  0%| F|  |TAMS 0x000000070bc00000, 0x000000070bc00000| Untracked 
|  69|0x000000070be00000, 0x000000070be00000, 0x000000070c000000|  0%| F|  |TAMS 0x000000070be00000, 0x000000070be00000| Untracked 
|  70|0x000000070c000000, 0x000000070c000000, 0x000000070c200000|  0%| F|  |TAMS 0x000000070c000000, 0x000000070c000000| Untracked 
|  71|0x000000070c200000, 0x000000070c200000, 0x000000070c400000|  0%| F|  |TAMS 0x000000070c200000, 0x000000070c200000| Untracked 
|  72|0x000000070c400000, 0x000000070c400000, 0x000000070c600000|  0%| F|  |TAMS 0x000000070c400000, 0x000000070c400000| Untracked 
|  73|0x000000070c600000, 0x000000070c600000, 0x000000070c800000|  0%| F|  |TAMS 0x000000070c600000, 0x000000070c600000| Untracked 
|  74|0x000000070c800000, 0x000000070c800000, 0x000000070ca00000|  0%| F|  |TAMS 0x000000070c800000, 0x000000070c800000| Untracked 
|  75|0x000000070ca00000, 0x000000070ca00000, 0x000000070cc00000|  0%| F|  |TAMS 0x000000070ca00000, 0x000000070ca00000| Untracked 
|  76|0x000000070cc00000, 0x000000070cc00000, 0x000000070ce00000|  0%| F|  |TAMS 0x000000070cc00000, 0x000000070cc00000| Untracked 
|  77|0x000000070ce00000, 0x000000070ce00000, 0x000000070d000000|  0%| F|  |TAMS 0x000000070ce00000, 0x000000070ce00000| Untracked 
|  78|0x000000070d000000, 0x000000070d000000, 0x000000070d200000|  0%| F|  |TAMS 0x000000070d000000, 0x000000070d000000| Untracked 
|  79|0x000000070d200000, 0x000000070d200000, 0x000000070d400000|  0%| F|  |TAMS 0x000000070d200000, 0x000000070d200000| Untracked 
|  80|0x000000070d400000, 0x000000070d400000, 0x000000070d600000|  0%| F|  |TAMS 0x000000070d400000, 0x000000070d400000| Untracked 
|  81|0x000000070d600000, 0x000000070d600000, 0x000000070d800000|  0%| F|  |TAMS 0x000000070d600000, 0x000000070d600000| Untracked 
|  82|0x000000070d800000, 0x000000070d800000, 0x000000070da00000|  0%| F|  |TAMS 0x000000070d800000, 0x000000070d800000| Untracked 
|  83|0x000000070da00000, 0x000000070da00000, 0x000000070dc00000|  0%| F|  |TAMS 0x000000070da00000, 0x000000070da00000| Untracked 
|  84|0x000000070dc00000, 0x000000070dc00000, 0x000000070de00000|  0%| F|  |TAMS 0x000000070dc00000, 0x000000070dc00000| Untracked 
|  85|0x000000070de00000, 0x000000070de00000, 0x000000070e000000|  0%| F|  |TAMS 0x000000070de00000, 0x000000070de00000| Untracked 
|  86|0x000000070e000000, 0x000000070e000000, 0x000000070e200000|  0%| F|  |TAMS 0x000000070e000000, 0x000000070e000000| Untracked 
|  87|0x000000070e200000, 0x000000070e200000, 0x000000070e400000|  0%| F|  |TAMS 0x000000070e200000, 0x000000070e200000| Untracked 
|  88|0x000000070e400000, 0x000000070e400000, 0x000000070e600000|  0%| F|  |TAMS 0x000000070e400000, 0x000000070e400000| Untracked 
|  89|0x000000070e600000, 0x000000070e600000, 0x000000070e800000|  0%| F|  |TAMS 0x000000070e600000, 0x000000070e600000| Untracked 
|  90|0x000000070e800000, 0x000000070e800000, 0x000000070ea00000|  0%| F|  |TAMS 0x000000070e800000, 0x000000070e800000| Untracked 
|  91|0x000000070ea00000, 0x000000070ea00000, 0x000000070ec00000|  0%| F|  |TAMS 0x000000070ea00000, 0x000000070ea00000| Untracked 
|  92|0x000000070ec00000, 0x000000070ec00000, 0x000000070ee00000|  0%| F|  |TAMS 0x000000070ec00000, 0x000000070ec00000| Untracked 
|  93|0x000000070ee00000, 0x000000070ee00000, 0x000000070f000000|  0%| F|  |TAMS 0x000000070ee00000, 0x000000070ee00000| Untracked 
|  94|0x000000070f000000, 0x000000070f000000, 0x000000070f200000|  0%| F|  |TAMS 0x000000070f000000, 0x000000070f000000| Untracked 
|  95|0x000000070f200000, 0x000000070f200000, 0x000000070f400000|  0%| F|  |TAMS 0x000000070f200000, 0x000000070f200000| Untracked 
|  96|0x000000070f400000, 0x000000070f400000, 0x000000070f600000|  0%| F|  |TAMS 0x000000070f400000, 0x000000070f400000| Untracked 
|  97|0x000000070f600000, 0x000000070f600000, 0x000000070f800000|  0%| F|  |TAMS 0x000000070f600000, 0x000000070f600000| Untracked 
|  98|0x000000070f800000, 0x000000070f800000, 0x000000070fa00000|  0%| F|  |TAMS 0x000000070f800000, 0x000000070f800000| Untracked 
|  99|0x000000070fa00000, 0x000000070fa00000, 0x000000070fc00000|  0%| F|  |TAMS 0x000000070fa00000, 0x000000070fa00000| Untracked 
| 100|0x000000070fc00000, 0x000000070fc00000, 0x000000070fe00000|  0%| F|  |TAMS 0x000000070fc00000, 0x000000070fc00000| Untracked 
| 101|0x000000070fe00000, 0x000000070ff00800, 0x0000000710000000| 50%| E|  |TAMS 0x000000070fe00000, 0x000000070fe00000| Complete 
| 102|0x0000000710000000, 0x0000000710200000, 0x0000000710200000|100%| E|CS|TAMS 0x0000000710000000, 0x0000000710000000| Complete 
| 103|0x0000000710200000, 0x0000000710400000, 0x0000000710400000|100%| E|CS|TAMS 0x0000000710200000, 0x0000000710200000| Complete 
| 104|0x0000000710400000, 0x0000000710600000, 0x0000000710600000|100%| E|CS|TAMS 0x0000000710400000, 0x0000000710400000| Complete 
| 105|0x0000000710600000, 0x0000000710800000, 0x0000000710800000|100%| E|CS|TAMS 0x0000000710600000, 0x0000000710600000| Complete 
| 106|0x0000000710800000, 0x0000000710a00000, 0x0000000710a00000|100%| E|CS|TAMS 0x0000000710800000, 0x0000000710800000| Complete 
| 107|0x0000000710a00000, 0x0000000710c00000, 0x0000000710c00000|100%| E|CS|TAMS 0x0000000710a00000, 0x0000000710a00000| Complete 
| 108|0x0000000710c00000, 0x0000000710e00000, 0x0000000710e00000|100%| E|CS|TAMS 0x0000000710c00000, 0x0000000710c00000| Complete 
| 109|0x0000000710e00000, 0x0000000711000000, 0x0000000711000000|100%| E|CS|TAMS 0x0000000710e00000, 0x0000000710e00000| Complete 
| 110|0x0000000711000000, 0x0000000711200000, 0x0000000711200000|100%| E|CS|TAMS 0x0000000711000000, 0x0000000711000000| Complete 
| 111|0x0000000711200000, 0x000000071128d120, 0x0000000711400000| 27%| S|CS|TAMS 0x0000000711200000, 0x0000000711200000| Complete 
| 112|0x0000000711400000, 0x0000000711600000, 0x0000000711600000|100%| S|CS|TAMS 0x0000000711400000, 0x0000000711400000| Complete 
| 113|0x0000000711600000, 0x0000000711800000, 0x0000000711800000|100%| E|CS|TAMS 0x0000000711600000, 0x0000000711600000| Complete 
| 114|0x0000000711800000, 0x0000000711a00000, 0x0000000711a00000|100%| E|CS|TAMS 0x0000000711800000, 0x0000000711800000| Complete 
| 115|0x0000000711a00000, 0x0000000711c00000, 0x0000000711c00000|100%| E|CS|TAMS 0x0000000711a00000, 0x0000000711a00000| Complete 
| 116|0x0000000711c00000, 0x0000000711e00000, 0x0000000711e00000|100%| E|CS|TAMS 0x0000000711c00000, 0x0000000711c00000| Complete 
| 117|0x0000000711e00000, 0x0000000712000000, 0x0000000712000000|100%| E|CS|TAMS 0x0000000711e00000, 0x0000000711e00000| Complete 
| 118|0x0000000712000000, 0x0000000712200000, 0x0000000712200000|100%| E|CS|TAMS 0x0000000712000000, 0x0000000712000000| Complete 
| 119|0x0000000712200000, 0x0000000712400000, 0x0000000712400000|100%| E|CS|TAMS 0x0000000712200000, 0x0000000712200000| Complete 
| 120|0x0000000712400000, 0x0000000712600000, 0x0000000712600000|100%| E|CS|TAMS 0x0000000712400000, 0x0000000712400000| Complete 
| 121|0x0000000712600000, 0x0000000712800000, 0x0000000712800000|100%| E|CS|TAMS 0x0000000712600000, 0x0000000712600000| Complete 
| 122|0x0000000712800000, 0x0000000712a00000, 0x0000000712a00000|100%| E|CS|TAMS 0x0000000712800000, 0x0000000712800000| Complete 
| 123|0x0000000712a00000, 0x0000000712c00000, 0x0000000712c00000|100%| E|CS|TAMS 0x0000000712a00000, 0x0000000712a00000| Complete 
| 124|0x0000000712c00000, 0x0000000712e00000, 0x0000000712e00000|100%| E|CS|TAMS 0x0000000712c00000, 0x0000000712c00000| Complete 
| 125|0x0000000712e00000, 0x0000000713000000, 0x0000000713000000|100%| E|CS|TAMS 0x0000000712e00000, 0x0000000712e00000| Complete 
| 126|0x0000000713000000, 0x0000000713200000, 0x0000000713200000|100%| E|CS|TAMS 0x0000000713000000, 0x0000000713000000| Complete 

Card table byte_map: [0x00000274470a0000,0x0000027447890000] _byte_map_base: 0x0000027443886000

Marking Bits (Prev, Next): (CMBitMap*) 0x000002743bd83d40, (CMBitMap*) 0x000002743bd83d80
 Prev Bits: [0x0000027448080000, 0x000002744bfb0000)
 Next Bits: [0x000002744bfb0000, 0x000002744fee0000)

Polling page: 0x0000027439ad0000

Metaspace:

Usage:
  Non-class:     15.41 MB used.
      Class:      2.43 MB used.
       Both:     17.83 MB used.

Virtual space:
  Non-class space:       16.00 MB reserved,      15.56 MB ( 97%) committed,  2 nodes.
      Class space:        1.00 GB reserved,       2.62 MB ( <1%) committed,  1 nodes.
             Both:        1.02 GB reserved,      18.19 MB (  2%) committed. 

Chunk freelists:
   Non-Class:  176.00 KB
       Class:  1.23 MB
        Both:  1.41 MB

MaxMetaspaceSize: unlimited
CompressedClassSpaceSize: 1.00 GB
Initial GC threshold: 21.00 MB
Current GC threshold: 21.00 MB
CDS: on
MetaspaceReclaimPolicy: balanced
 - commit_granule_bytes: 65536.
 - commit_granule_words: 8192.
 - virtual_space_node_default_size: 1048576.
 - enlarge_chunks_in_place: 1.
 - new_chunks_are_fully_committed: 0.
 - uncommit_free_chunks: 1.
 - use_allocation_guard: 0.
 - handle_deallocations: 1.


Internal statistics:

num_allocs_failed_limit: 0.
num_arena_births: 400.
num_arena_deaths: 0.
num_vsnodes_births: 3.
num_vsnodes_deaths: 0.
num_space_committed: 291.
num_space_uncommitted: 0.
num_chunks_returned_to_freelist: 0.
num_chunks_taken_from_freelist: 1002.
num_chunk_merges: 0.
num_chunk_splits: 665.
num_chunks_enlarged: 472.
num_purges: 0.
num_inconsistent_stats: 0.

CodeCache: size=49152Kb used=7494Kb max_used=7494Kb free=41657Kb
 bounds [0x0000027443580000, 0x0000027443ce0000, 0x0000027446580000]
 total_blobs=3537 nmethods=3024 adapters=437
 compilation: enabled
              stopped_count=0, restarted_count=0
 full_count=0

Compilation events (20 events):
Event: 1.367 Thread 0x0000027452bcc950 nmethod 3015 0x0000027443cc9e90 code [0x0000027443cca020, 0x0000027443cca148]
Event: 1.367 Thread 0x0000027452bcc950 3016       1       org.springframework.boot.autoconfigure.condition.ConditionMessage$Style$2::applyToItem (6 bytes)
Event: 1.367 Thread 0x0000027452bcd0f0 3017       1       org.springframework.boot.autoconfigure.condition.ConditionMessage$Style$2::applyToItem (18 bytes)
Event: 1.367 Thread 0x0000027454182410 nmethod 3010 0x0000027443cca210 code [0x0000027443cca480, 0x0000027443ccab88]
Event: 1.367 Thread 0x0000027452bfa1e0 3018       1       org.springframework.beans.factory.support.AbstractBeanFactory::isTypeMatch (745 bytes)
Event: 1.368 Thread 0x0000027454182410 3019       1       java.util.concurrent.ConcurrentHashMap$KeySetView::contains (9 bytes)
Event: 1.368 Thread 0x0000027452bcc950 nmethod 3016 0x0000027443ccaf90 code [0x0000027443ccb1c0, 0x0000027443ccb578]
Event: 1.368 Thread 0x0000027452bcd0f0 nmethod 3017 0x0000027443ccb910 code [0x0000027443ccbb20, 0x0000027443ccbea8]
Event: 1.368 Thread 0x0000027454182410 nmethod 3019 0x0000027443ccc190 code [0x0000027443ccc320, 0x0000027443ccc428]
Event: 1.368 Thread 0x0000027452bcc950 3020       1       java.lang.Class::copyMethods (36 bytes)
Event: 1.369 Thread 0x0000027454182410 3021       1       org.springframework.beans.factory.support.AbstractBeanFactory::isFactoryBean (62 bytes)
Event: 1.369 Thread 0x0000027452bcc950 nmethod 3020 0x0000027443ccc510 code [0x0000027443ccc6e0, 0x0000027443cccb68]
Event: 1.369 Thread 0x0000027454182410 nmethod 3021 0x0000027443ccce10 code [0x0000027443cccfe0, 0x0000027443ccd358]
Event: 1.369 Thread 0x0000027454182410 3022       1       org.springframework.core.ResolvableType::forType (112 bytes)
Event: 1.369 Thread 0x0000027452bcd0f0 3023       1       org.springframework.core.ResolvableType$1::isAssignableFrom (24 bytes)
Event: 1.369 Thread 0x0000027452bcd0f0 nmethod 3023 0x0000027443ccd510 code [0x0000027443ccd6a0, 0x0000027443ccd7a8]
Event: 1.369 Thread 0x0000027454182410 nmethod 3022 0x0000027443ccd810 code [0x0000027443ccda20, 0x0000027443ccdfa8]
Event: 1.371 Thread 0x0000027452bfa1e0 nmethod 3018 0x0000027443cce290 code [0x0000027443cce7e0, 0x0000027443cd0758]
Event: 1.371 Thread 0x0000027452bfa1e0 3024       1       org.springframework.beans.factory.support.AbstractBeanDefinition::isPrimary (5 bytes)
Event: 1.371 Thread 0x0000027452bfa1e0 nmethod 3024 0x0000027443cd1810 code [0x0000027443cd19a0, 0x0000027443cd1a78]

GC Heap History (4 events):
Event: 0.654 GC heap before
{Heap before GC invocations=0 (full 0):
 garbage-first heap   total 260096K, used 20480K [0x0000000703400000, 0x0000000800000000)
  region size 2048K, 11 young (22528K), 0 survivors (0K)
 Metaspace       used 7051K, committed 7232K, reserved 1056768K
  class space    used 888K, committed 960K, reserved 1048576K
}
Event: 0.658 GC heap after
{Heap after GC invocations=1 (full 0):
 garbage-first heap   total 260096K, used 7522K [0x0000000703400000, 0x0000000800000000)
  region size 2048K, 2 young (4096K), 2 survivors (4096K)
 Metaspace       used 7051K, committed 7232K, reserved 1056768K
  class space    used 888K, committed 960K, reserved 1048576K
}
Event: 0.941 GC heap before
{Heap before GC invocations=1 (full 0):
 garbage-first heap   total 260096K, used 30050K [0x0000000703400000, 0x0000000800000000)
  region size 2048K, 14 young (28672K), 2 survivors (4096K)
 Metaspace       used 12382K, committed 12736K, reserved 1064960K
  class space    used 1667K, committed 1856K, reserved 1048576K
}
Event: 0.945 GC heap after
{Heap after GC invocations=2 (full 0):
 garbage-first heap   total 260096K, used 9818K [0x0000000703400000, 0x0000000800000000)
  region size 2048K, 2 young (4096K), 2 survivors (4096K)
 Metaspace       used 12382K, committed 12736K, reserved 1064960K
  class space    used 1667K, committed 1856K, reserved 1048576K
}

Deoptimization events (8 events):
Event: 0.578 Thread 0x000002743bd33490 DEOPT PACKING pc=0x000002744385da01 sp=0x000000e5ce0fd500
Event: 0.578 Thread 0x000002743bd33490 DEOPT UNPACKING pc=0x00000274435d2b43 sp=0x000000e5ce0fc958 mode 3
Event: 0.962 Thread 0x000002743bd33490 DEOPT PACKING pc=0x0000027443b507f9 sp=0x000000e5ce0fd200
Event: 0.962 Thread 0x000002743bd33490 DEOPT UNPACKING pc=0x00000274435d2b43 sp=0x000000e5ce0fc6e0 mode 3
Event: 1.045 Thread 0x000002743bd33490 DEOPT PACKING pc=0x0000027443b89455 sp=0x000000e5ce0fe0d0
Event: 1.045 Thread 0x000002743bd33490 DEOPT UNPACKING pc=0x00000274435d2b43 sp=0x000000e5ce0fd618 mode 3
Event: 1.071 Thread 0x000002743bd33490 DEOPT PACKING pc=0x0000027443ba73d5 sp=0x000000e5ce0fdc60
Event: 1.071 Thread 0x000002743bd33490 DEOPT UNPACKING pc=0x00000274435d2b43 sp=0x000000e5ce0fd108 mode 3

Classes unloaded (0 events):
No events

Classes redefined (0 events):
No events

Internal exceptions (20 events):
Event: 0.822 Thread 0x000002743bd33490 Exception <a 'java/lang/NoSuchMethodError'{0x000000071272c528}: 'void java.lang.invoke.DirectMethodHandle$Holder.invokeStaticInit(java.lang.Object, java.lang.Object, java.lang.Object)'> (0x000000071272c528) 
thrown [t:\workspace\open\src\hotspot\share\interpreter\linkResolver.cpp, line 766]
Event: 0.836 Thread 0x000002743bd33490 Exception <a 'java/lang/NoSuchMethodError'{0x000000071240a550}: 'java.lang.Object java.lang.invoke.DirectMethodHandle$Holder.newInvokeSpecial(java.lang.Object, long)'> (0x000000071240a550) 
thrown [t:\workspace\open\src\hotspot\share\interpreter\linkResolver.cpp, line 766]
Event: 0.836 Thread 0x000002743bd33490 Exception <a 'java/lang/NoSuchMethodError'{0x0000000712411de8}: 'void java.lang.invoke.DirectMethodHandle$Holder.invokeVirtual(java.lang.Object, java.lang.Object, java.lang.Object, java.lang.Object)'> (0x0000000712411de8) 
thrown [t:\workspace\open\src\hotspot\share\interpreter\linkResolver.cpp, line 766]
Event: 0.844 Thread 0x000002743bd33490 Exception <a 'java/lang/NoSuchMethodError'{0x00000007124ae158}: 'java.lang.Object java.lang.invoke.DirectMethodHandle$Holder.invokeSpecial(java.lang.Object, java.lang.Object, long, java.lang.Object, java.lang.Object, java.lang.Object, java.lang.Object, java.lang.Object, java.lang.Object)'> (0x00000007124ae158) 
thrown [t:\workspace\open\src\hotspot\share\interpreter\linkResolver.cpp, line 766]
Event: 0.844 Thread 0x000002743bd33490 Exception <a 'java/lang/NoSuchMethodError'{0x00000007124b29d8}: 'java.lang.Object java.lang.invoke.DelegatingMethodHandle$Holder.reinvoke_L(java.lang.Object, long, java.lang.Object, java.lang.Object, java.lang.Object, java.lang.Object, java.lang.Object, java.lang.Object)'> (0x00000007124b29d8) 
thrown [t:\workspace\open\src\hotspot\share\interpreter\linkResolver.cpp, line 766]
Event: 0.879 Thread 0x000002743bd33490 Exception <a 'java/lang/NoSuchMethodError'{0x00000007122acdc0}: 'java.lang.Object java.lang.invoke.DirectMethodHandle$Holder.invokeSpecial(java.lang.Object, java.lang.Object, java.lang.Object, java.lang.Object, java.lang.Object, java.lang.Object, java.lang.Object, java.lang.Object, java.lang.Object)'> (0x00000007122acdc0) 
thrown [t:\workspace\open\src\hotspot\share\interpreter\linkResolver.cpp, line 766]
Event: 0.880 Thread 0x000002743bd33490 Exception <a 'java/lang/NoSuchMethodError'{0x00000007122b16e8}: 'java.lang.Object java.lang.invoke.Invokers$Holder.invoke_MT(java.lang.Object, java.lang.Object, java.lang.Object, java.lang.Object, java.lang.Object, java.lang.Object, java.lang.Object, java.lang.Object, java.lang.Object)'> (0x00000007122b16e8) 
thrown [t:\workspace\open\src\hotspot\share\interpreter\linkResolver.cpp, line 766]
Event: 0.889 Thread 0x000002743bd33490 Exception <a 'java/lang/IncompatibleClassChangeError'{0x000000071237cf08}: Found class java.lang.Object, but interface was expected> (0x000000071237cf08) 
thrown [t:\workspace\open\src\hotspot\share\interpreter\linkResolver.cpp, line 833]
Event: 1.000 Thread 0x00000274542f6020 Exception <a 'java/lang/NoSuchMethodError'{0x00000007127035f8}: 'long java.lang.invoke.DirectMethodHandle$Holder.invokeSpecial(java.lang.Object, java.lang.Object)'> (0x00000007127035f8) 
thrown [t:\workspace\open\src\hotspot\share\interpreter\linkResolver.cpp, line 766]
Event: 1.002 Thread 0x00000274542f6020 Exception <a 'java/lang/NoSuchMethodError'{0x0000000712732328}: 'long java.lang.invoke.DirectMethodHandle$Holder.invokeStatic(java.lang.Object, java.lang.Object)'> (0x0000000712732328) 
thrown [t:\workspace\open\src\hotspot\share\interpreter\linkResolver.cpp, line 766]
Event: 1.002 Thread 0x00000274542f6020 Exception <a 'java/lang/NoSuchMethodError'{0x0000000712402e10}: 'long java.lang.invoke.DirectMethodHandle$Holder.invokeStaticInit(java.lang.Object, java.lang.Object)'> (0x0000000712402e10) 
thrown [t:\workspace\open\src\hotspot\share\interpreter\linkResolver.cpp, line 766]
Event: 1.003 Thread 0x00000274542f6020 Exception <a 'java/lang/NoSuchMethodError'{0x000000071242e450}: 'long java.lang.invoke.DirectMethodHandle$Holder.invokeInterface(java.lang.Object, java.lang.Object)'> (0x000000071242e450) 
thrown [t:\workspace\open\src\hotspot\share\interpreter\linkResolver.cpp, line 766]
Event: 1.003 Thread 0x00000274542f6020 Exception <a 'java/lang/IncompatibleClassChangeError'{0x0000000712431738}: Found class java.lang.Object, but interface was expected> (0x0000000712431738) 
thrown [t:\workspace\open\src\hotspot\share\interpreter\linkResolver.cpp, line 833]
Event: 1.008 Thread 0x00000274542f6020 Exception <a 'java/lang/NoSuchMethodError'{0x0000000712486e30}: 'java.lang.Object java.lang.invoke.DirectMethodHandle$Holder.invokeVirtual(java.lang.Object, java.lang.Object, java.lang.Object, java.lang.Object)'> (0x0000000712486e30) 
thrown [t:\workspace\open\src\hotspot\share\interpreter\linkResolver.cpp, line 766]
Event: 1.021 Thread 0x000002743bd33490 Exception <a 'sun/nio/fs/WindowsException'{0x000000071256d7a8}> (0x000000071256d7a8) 
thrown [t:\workspace\open\src\hotspot\share\prims\jni.cpp, line 516]
Event: 1.021 Thread 0x000002743bd33490 Exception <a 'java/lang/NoSuchMethodError'{0x000000071256ed48}: 'int java.lang.invoke.DirectMethodHandle$Holder.invokeSpecial(java.lang.Object, java.lang.Object, java.lang.Object, java.lang.Object, java.lang.Object)'> (0x000000071256ed48) 
thrown [t:\workspace\open\src\hotspot\share\interpreter\linkResolver.cpp, line 766]
Event: 1.022 Thread 0x000002743bd33490 Exception <a 'java/lang/NoSuchMethodError'{0x0000000712577900}: 'void java.lang.invoke.DirectMethodHandle$Holder.invokeVirtual(java.lang.Object, java.lang.Object)'> (0x0000000712577900) 
thrown [t:\workspace\open\src\hotspot\share\interpreter\linkResolver.cpp, line 766]
Event: 1.045 Thread 0x000002743bd33490 Implicit null exception at 0x0000027443b88d33 to 0x0000027443b89450
Event: 1.143 Thread 0x000002743bd33490 Exception <a 'java/lang/IncompatibleClassChangeError'{0x00000007119dd0c0}: Found class java.lang.Object, but interface was expected> (0x00000007119dd0c0) 
thrown [t:\workspace\open\src\hotspot\share\interpreter\linkResolver.cpp, line 833]
Event: 1.150 Thread 0x0000027452bf5400 Exception <a 'java/lang/NoSuchMethodError'{0x0000000711717d40}: 'java.lang.Object java.lang.invoke.DirectMethodHandle$Holder.invokeStaticInit(java.lang.Object, int)'> (0x0000000711717d40) 
thrown [t:\workspace\open\src\hotspot\share\interpreter\linkResolver.cpp, line 766]

VM Operations (20 events):
Event: 0.873 Executing VM operation: HandshakeAllThreads
Event: 0.873 Executing VM operation: HandshakeAllThreads done
Event: 0.879 Executing VM operation: ICBufferFull
Event: 0.879 Executing VM operation: ICBufferFull done
Event: 0.941 Executing VM operation: G1CollectForAllocation
Event: 0.941 Executing VM operation: G1CollectForAllocation done
Event: 0.941 Executing VM operation: G1CollectForAllocation
Event: 0.945 Executing VM operation: G1CollectForAllocation done
Event: 0.987 Executing VM operation: HandshakeAllThreads
Event: 0.987 Executing VM operation: HandshakeAllThreads done
Event: 1.012 Executing VM operation: HandshakeAllThreads
Event: 1.012 Executing VM operation: HandshakeAllThreads done
Event: 1.039 Executing VM operation: HandshakeAllThreads
Event: 1.039 Executing VM operation: HandshakeAllThreads done
Event: 1.147 Executing VM operation: HandshakeAllThreads
Event: 1.147 Executing VM operation: HandshakeAllThreads done
Event: 1.246 Executing VM operation: ICBufferFull
Event: 1.246 Executing VM operation: ICBufferFull done
Event: 1.349 Executing VM operation: HandshakeAllThreads
Event: 1.349 Executing VM operation: HandshakeAllThreads done

Events (20 events):
Event: 1.121 loading class javax/naming/ldap/LdapContext done
Event: 1.133 Thread 0x0000027455156b70 Thread exited: 0x0000027455156b70
Event: 1.148 loading class sun/nio/cs/ISO_8859_1$Encoder
Event: 1.148 loading class sun/nio/cs/ISO_8859_1$Encoder done
Event: 1.148 loading class sun/nio/cs/Surrogate$Parser
Event: 1.148 loading class sun/nio/cs/Surrogate$Parser done
Event: 1.148 loading class sun/nio/cs/Surrogate
Event: 1.148 loading class sun/nio/cs/Surrogate done
Event: 1.148 loading class sun/util/cldr/CLDRBaseLocaleDataMetaInfo$TZCanonicalIDMapHolder
Event: 1.149 loading class sun/util/cldr/CLDRBaseLocaleDataMetaInfo$TZCanonicalIDMapHolder done
Event: 1.149 loading class sun/util/cldr/CLDRTimeZoneNameProviderImpl$AVAILABLE_IDS
Event: 1.150 loading class sun/util/cldr/CLDRTimeZoneNameProviderImpl$AVAILABLE_IDS done
Event: 1.150 loading class java/util/stream/SortedOps$SizedRefSortingSink
Event: 1.150 loading class java/util/stream/SortedOps$SizedRefSortingSink done
Event: 1.185 loading class java/util/stream/Streams$ConcatSpliterator$OfRef
Event: 1.185 loading class java/util/stream/Streams$ConcatSpliterator
Event: 1.185 loading class java/util/stream/Streams$ConcatSpliterator done
Event: 1.185 loading class java/util/stream/Streams$ConcatSpliterator$OfRef done
Event: 1.186 loading class java/util/stream/Streams$2
Event: 1.186 loading class java/util/stream/Streams$2 done


Dynamic libraries:
0x00007ff71fc10000 - 0x00007ff71fc20000 	C:\Program Files\Java\jdk-17.0.2\bin\java.exe
0x00007ffad88f0000 - 0x00007ffad8ae8000 	C:\WINDOWS\SYSTEM32\ntdll.dll
0x00007ffad6f80000 - 0x00007ffad7042000 	C:\WINDOWS\System32\KERNEL32.DLL
0x00007ffad6610000 - 0x00007ffad6906000 	C:\WINDOWS\System32\KERNELBASE.dll
0x00007ffad6350000 - 0x00007ffad6450000 	C:\WINDOWS\System32\ucrtbase.dll
0x00007ffabfb10000 - 0x00007ffabfb28000 	C:\Program Files\Java\jdk-17.0.2\bin\jli.dll
0x00007ffabf9f0000 - 0x00007ffabfa0a000 	C:\Program Files\Java\jdk-17.0.2\bin\VCRUNTIME140.dll
0x00007ffad8360000 - 0x00007ffad8411000 	C:\WINDOWS\System32\ADVAPI32.dll
0x00007ffad73d0000 - 0x00007ffad746e000 	C:\WINDOWS\System32\msvcrt.dll
0x00007ffad8530000 - 0x00007ffad85cf000 	C:\WINDOWS\System32\sechost.dll
0x00007ffad7c90000 - 0x00007ffad7db0000 	C:\WINDOWS\System32\RPCRT4.dll
0x00007ffad6450000 - 0x00007ffad6477000 	C:\WINDOWS\System32\bcrypt.dll
0x00007ffad71e0000 - 0x00007ffad7381000 	C:\WINDOWS\System32\USER32.dll
0x00007ffad6140000 - 0x00007ffad6162000 	C:\WINDOWS\System32\win32u.dll
0x00007ffad7c50000 - 0x00007ffad7c7b000 	C:\WINDOWS\System32\GDI32.dll
0x00007ffabd180000 - 0x00007ffabd41b000 	C:\WINDOWS\WinSxS\amd64_microsoft.windows.common-controls_6595b64144ccf1df_6.0.19041.6456_none_60b8a6cb71f64256\COMCTL32.dll
0x00007ffad6020000 - 0x00007ffad6139000 	C:\WINDOWS\System32\gdi32full.dll
0x00007ffad5f80000 - 0x00007ffad601d000 	C:\WINDOWS\System32\msvcp_win.dll
0x00007ffacc480000 - 0x00007ffacc48a000 	C:\WINDOWS\SYSTEM32\VERSION.dll
0x00007ffad73a0000 - 0x00007ffad73cf000 	C:\WINDOWS\System32\IMM32.DLL
0x00007ffacc9f0000 - 0x00007ffacc9fc000 	C:\Program Files\Java\jdk-17.0.2\bin\vcruntime140_1.dll
0x00007ffaa0ee0000 - 0x00007ffaa0f6d000 	C:\Program Files\Java\jdk-17.0.2\bin\msvcp140.dll
0x00007ffa743e0000 - 0x00007ffa74fa1000 	C:\Program Files\Java\jdk-17.0.2\bin\server\jvm.dll
0x00007ffad7c80000 - 0x00007ffad7c88000 	C:\WINDOWS\System32\PSAPI.DLL
0x00007ffab9fb0000 - 0x00007ffab9fb9000 	C:\WINDOWS\SYSTEM32\WSOCK32.dll
0x00007ffabcfa0000 - 0x00007ffabcfc7000 	C:\WINDOWS\SYSTEM32\WINMM.dll
0x00007ffad7470000 - 0x00007ffad74db000 	C:\WINDOWS\System32\WS2_32.dll
0x00007ffad4790000 - 0x00007ffad47a2000 	C:\WINDOWS\SYSTEM32\kernel.appcore.dll
0x00007ffacbc20000 - 0x00007ffacbc2a000 	C:\Program Files\Java\jdk-17.0.2\bin\jimage.dll
0x00007ffad4490000 - 0x00007ffad4691000 	C:\WINDOWS\SYSTEM32\DBGHELP.DLL
0x00007ffacb9d0000 - 0x00007ffacba04000 	C:\WINDOWS\SYSTEM32\dbgcore.DLL
0x00007ffad6580000 - 0x00007ffad6602000 	C:\WINDOWS\System32\bcryptPrimitives.dll
0x00007ffac41a0000 - 0x00007ffac41ae000 	C:\Program Files\Java\jdk-17.0.2\bin\instrument.dll
0x00007ffab2500000 - 0x00007ffab2525000 	C:\Program Files\Java\jdk-17.0.2\bin\java.dll
0x00007ffaa0c30000 - 0x00007ffaa0d06000 	C:\Program Files\Java\jdk-17.0.2\bin\jsvml.dll
0x00007ffad74e0000 - 0x00007ffad7c50000 	C:\WINDOWS\System32\SHELL32.dll
0x00007ffad3c10000 - 0x00007ffad43b5000 	C:\WINDOWS\SYSTEM32\windows.storage.dll
0x00007ffad6970000 - 0x00007ffad6cc4000 	C:\WINDOWS\System32\combase.dll
0x00007ffad59b0000 - 0x00007ffad59db000 	C:\WINDOWS\SYSTEM32\Wldp.dll
0x00007ffad8780000 - 0x00007ffad884d000 	C:\WINDOWS\System32\OLEAUT32.dll
0x00007ffad6db0000 - 0x00007ffad6e5d000 	C:\WINDOWS\System32\SHCORE.dll
0x00007ffad6910000 - 0x00007ffad696b000 	C:\WINDOWS\System32\shlwapi.dll
0x00007ffad5eb0000 - 0x00007ffad5ed4000 	C:\WINDOWS\SYSTEM32\profapi.dll
0x00007ffabe4b0000 - 0x00007ffabe4c8000 	C:\Program Files\Java\jdk-17.0.2\bin\zip.dll
0x00007ffabf950000 - 0x00007ffabf969000 	C:\Program Files\Java\jdk-17.0.2\bin\net.dll
0x00007ffacfb70000 - 0x00007ffacfc7a000 	C:\WINDOWS\SYSTEM32\WINHTTP.dll
0x00007ffad5710000 - 0x00007ffad577a000 	C:\WINDOWS\system32\mswsock.dll
0x00007ffabe5a0000 - 0x00007ffabe5b6000 	C:\Program Files\Java\jdk-17.0.2\bin\nio.dll
0x00007ffabe480000 - 0x00007ffabe49a000 	C:\Program Files\JetBrains\IntelliJ IDEA 2021.3\bin\breakgen64.dll
0x00007ffad53c0000 - 0x00007ffad548a000 	C:\WINDOWS\SYSTEM32\DNSAPI.dll
0x00007ffad5380000 - 0x00007ffad53bb000 	C:\WINDOWS\SYSTEM32\IPHLPAPI.DLL
0x00007ffad8350000 - 0x00007ffad8358000 	C:\WINDOWS\System32\NSI.dll
0x00007ffaccba0000 - 0x00007ffaccbaa000 	C:\Windows\System32\rasadhlp.dll
0x00007ffacc5b0000 - 0x00007ffacc630000 	C:\WINDOWS\System32\fwpuclnt.dll
0x00007ffac4130000 - 0x00007ffac4139000 	C:\Program Files\Java\jdk-17.0.2\bin\management.dll
0x00007ffac40e0000 - 0x00007ffac40eb000 	C:\Program Files\Java\jdk-17.0.2\bin\management_ext.dll
0x00007ffad5900000 - 0x00007ffad5918000 	C:\WINDOWS\SYSTEM32\CRYPTSP.dll
0x00007ffad4fc0000 - 0x00007ffad4ff8000 	C:\WINDOWS\system32\rsaenh.dll
0x00007ffad5e70000 - 0x00007ffad5e9e000 	C:\WINDOWS\SYSTEM32\USERENV.dll
0x00007ffad5920000 - 0x00007ffad592c000 	C:\WINDOWS\SYSTEM32\CRYPTBASE.dll
0x00007ffaccbb0000 - 0x00007ffaccbc7000 	C:\WINDOWS\SYSTEM32\dhcpcsvc6.DLL
0x00007fface9c0000 - 0x00007fface9dd000 	C:\WINDOWS\SYSTEM32\dhcpcsvc.DLL
0x00007ffab1060000 - 0x00007ffab1077000 	C:\WINDOWS\system32\napinsp.dll
0x00007ffab1040000 - 0x00007ffab105b000 	C:\WINDOWS\system32\pnrpnsp.dll
0x00007ffab1020000 - 0x00007ffab103d000 	C:\WINDOWS\system32\wshbth.dll
0x00007ffacfc80000 - 0x00007ffacfc9d000 	C:\WINDOWS\system32\NLAapi.dll
0x00007ffab0f10000 - 0x00007ffab0f22000 	C:\WINDOWS\System32\winrnr.dll
0x00007ffac3fc0000 - 0x00007ffac3fce000 	C:\Program Files\Java\jdk-17.0.2\bin\sunmscapi.dll
0x00007ffad6170000 - 0x00007ffad62cd000 	C:\WINDOWS\System32\CRYPT32.dll
0x00007ffad5a20000 - 0x00007ffad5a47000 	C:\WINDOWS\SYSTEM32\ncrypt.dll
0x00007ffad59e0000 - 0x00007ffad5a1b000 	C:\WINDOWS\SYSTEM32\NTASN1.dll

dbghelp: loaded successfully - version: 4.0.5 - missing functions: none
symbol engine: initialized successfully - sym options: 0x614 - pdb path: .;C:\Program Files\Java\jdk-17.0.2\bin;C:\WINDOWS\SYSTEM32;C:\WINDOWS\WinSxS\amd64_microsoft.windows.common-controls_6595b64144ccf1df_6.0.19041.6456_none_60b8a6cb71f64256;C:\Program Files\Java\jdk-17.0.2\bin\server;C:\Program Files\JetBrains\IntelliJ IDEA 2021.3\bin

VM Arguments:
jvm_args: -XX:TieredStopAtLevel=1 -Xverify:none -Dspring.output.ansi.enabled=always -javaagent:C:\Program Files\JetBrains\IntelliJ IDEA 2021.3\lib\idea_rt.jar=50860:C:\Program Files\JetBrains\IntelliJ IDEA 2021.3\bin -Dcom.sun.management.jmxremote -Dspring.jmx.enabled=true -Dspring.liveBeansView.mbeanDomain -Dspring.application.admin.enabled=true -Dfile.encoding=UTF-8 
java_command: com.isc.assignment.cms.CmsApplication
java_class_path (initial): E:\java-workspace\cms\cms\target\classes;E:\myRepo\org\springframework\boot\spring-boot-starter-web\3.5.9\spring-boot-starter-web-3.5.9.jar;E:\myRepo\org\springframework\boot\spring-boot-starter\3.5.9\spring-boot-starter-3.5.9.jar;E:\myRepo\org\springframework\boot\spring-boot\3.5.9\spring-boot-3.5.9.jar;E:\myRepo\org\springframework\boot\spring-boot-autoconfigure\3.5.9\spring-boot-autoconfigure-3.5.9.jar;E:\myRepo\org\springframework\boot\spring-boot-starter-logging\3.5.9\spring-boot-starter-logging-3.5.9.jar;E:\myRepo\ch\qos\logback\logback-classic\1.5.22\logback-classic-1.5.22.jar;E:\myRepo\ch\qos\logback\logback-core\1.5.22\logback-core-1.5.22.jar;E:\myRepo\org\apache\logging\log4j\log4j-to-slf4j\2.24.3\log4j-to-slf4j-2.24.3.jar;E:\myRepo\org\apache\logging\log4j\log4j-api\2.24.3\log4j-api-2.24.3.jar;E:\myRepo\org\slf4j\jul-to-slf4j\2.0.17\jul-to-slf4j-2.0.17.jar;E:\myRepo\jakarta\annotation\jakarta.annotation-api\2.1.1\jakarta.annotation-api-2.1.1.jar;E:\myRepo\org\springframework\spring-core\6.2.15\spring-core-6.2.15.jar;E:\myRepo\org\springframework\spring-jcl\6.2.15\spring-jcl-6.2.15.jar;E:\myRepo\org\yaml\snakeyaml\2.4\snakeyaml-2.4.jar;E:\myRepo\org\springframework\boot\spring-boot-starter-json\3.5.9\spring-boot-starter-json-3.5.9.jar;E:\myRepo\com\fasterxml\jackson\core\jackson-databind\2.19.4\jackson-databind-2.19.4.jar;E:\myRepo\com\fasterxml\jackson\core\jackson-annotations\2.19.4\jackson-annotations-2.19.4.jar;E:\myRepo\com\fasterxml\jackson\core\jackson-core\2.19.4\jackson-core-2.19.4.jar;E:\myRepo\com\fasterxml\jackson\datatype\jackson-datatype-jdk8\2.19.4\jackson-datatype-jdk8-2.19.4.jar;E:\myRepo\com\fasterxml\jackson\datatype\jackson-datatype-jsr310\2.19.4\jackson-datatype-jsr310-2.19.4.jar;E:\myRepo\com\fasterxml\jackson\module\jackson-module-parameter-names\2.19.4\jackson-module-parameter-names-2.19.4.jar;E:\myRepo\org\springframework\boot\spring-boot-starter-tomcat\3.5.9\spring-boot-starter-tomcat-3.5.9.jar;E:\myRe
Launcher Type: SUN_STANDARD

[Global flags]
     intx CICompilerCount                          = 4                                         {product} {ergonomic}
     uint ConcGCThreads                            = 3                                         {product} {ergonomic}
     uint G1ConcRefinementThreads                  = 10                                        {product} {ergonomic}
   size_t G1HeapRegionSize                         = 2097152                                   {product} {ergonomic}
    uintx GCDrainStackTargetSize                   = 64                                        {product} {ergonomic}
   size_t InitialHeapSize                          = 266338304                                 {product} {ergonomic}
     bool ManagementServer                         = true                                      {product} {command line}
   size_t MarkStackSize                            = 4194304                                   {product} {ergonomic}
   size_t MaxHeapSize                              = 4240441344                                {product} {ergonomic}
   size_t MaxNewSize                               = 2543845376                                {product} {ergonomic}
   size_t MinHeapDeltaBytes                        = 2097152                                   {product} {ergonomic}
   size_t MinHeapSize                              = 8388608                                   {product} {ergonomic}
    uintx NonProfiledCodeHeapSize                  = 0                                      {pd product} {ergonomic}
     bool ProfileInterpreter                       = false                                  {pd product} {command line}
    uintx ProfiledCodeHeapSize                     = 0                                      {pd product} {ergonomic}
   size_t SoftMaxHeapSize                          = 4240441344                             {manageable} {ergonomic}
     intx TieredStopAtLevel                        = 1                                         {product} {command line}
     bool UseCompressedClassPointers               = true                           {product lp64_product} {ergonomic}
     bool UseCompressedOops                        = true                           {product lp64_product} {ergonomic}
     bool UseG1GC                                  = true                                      {product} {ergonomic}
     bool UseLargePagesIndividualAllocation        = false                                  {pd product} {ergonomic}

Logging:
Log output configuration:
 #0: stdout all=warning uptime,level,tags
 #1: stderr all=off uptime,level,tags

Environment Variables:
JAVA_HOME=C:\Program Files\Java\jdk-17.0.2
PATH=C:\app\user\product\21c\dbhomeXE\bin;C:\Program Files\Common Files\Oracle\Java\javapath;C:\Program Files (x86)\Common Files\Oracle\Java\javapath;C:\Windows\system32;C:\Windows;C:\Windows\System32\Wbem;C:\Windows\System32\WindowsPowerShell\v1.0\;C:\Windows\System32\OpenSSH\;C:\Program Files (x86)\NVIDIA Corporation\PhysX\Common;C:\Program Files\NVIDIA Corporation\NVIDIA NvDLISR;C:\Program Files\Java\jdk-17.0.2\bin;E:\apache-maven-3.8.5-bin\bin;C:\Program Files\Git\cmd;C:\Program Files\Docker\Docker\resources\bin;C:\ProgramData\DockerDesktop\version-bin;C:\WINDOWS\system32;C:\WINDOWS;C:\WINDOWS\System32\Wbem;C:\WINDOWS\System32\WindowsPowerShell\v1.0\;C:\WINDOWS\System32\OpenSSH\;C:\Program Files\dotnet\;C:\Program Files (x86)\Microsoft Visual Studio\2022\BuildTools\MSBuild\Current\Bin;C:\Users\user\.cargo\bin;C:\Users\user\AppData\Local\Microsoft\WindowsApps;;C:\Program Files\JetBrains\IntelliJ IDEA 2021.3\bin;;C:\Users\user\AppData\Local\Programs\Microsoft VS Code\bin
USERNAME=user
OS=Windows_NT
PROCESSOR_IDENTIFIER=Intel64 Family 6 Model 165 Stepping 2, GenuineIntel



---------------  S Y S T E M  ---------------

OS:
 Windows 10 , 64 bit Build 19041 (10.0.19041.5915)
OS uptime: 33 days 12:27 hours

CPU: total 12 (initial active 12) (6 cores per cpu, 2 threads per core) family 6 model 165 stepping 2 microcode 0xc8, cx8, cmov, fxsr, ht, mmx, 3dnowpref, sse, sse2, sse3, ssse3, sse4.1, sse4.2, popcnt, lzcnt, tsc, tscinvbit, avx, avx2, aes, erms, clmul, bmi1, bmi2, adx, fma, vzeroupper, clflush, clflushopt

Memory: 4k page, system-wide physical 16169M (1795M free)
TotalPageFile size 28769M (AvailPageFile size 5M)
current process WorkingSet (physical memory assigned to process): 128M, peak: 128M
current process commit charge ("private bytes"): 379M, peak: 379M

vm_info: Java HotSpot(TM) 64-Bit Server VM (17.0.2+8-LTS-86) for windows-amd64 JRE (17.0.2+8-LTS-86), built on Dec  7 2021 21:51:03 by "mach5one" with MS VC++ 16.8 / 16.9 (VS2019)

END.
