#
# There is insufficient memory for the Java Runtime Environment to continue.
# Native memory allocation (malloc) failed to allocate 482608 bytes for Chunk::new
# Possible reasons:
#   The system is out of physical RAM or swap space
#   The process is running with CompressedOops enabled, and the Java Heap may be blocking the growth of the native heap
# Possible solutions:
#   Reduce memory load on the system
#   Increase physical memory or swap space
#   Check if swap backing store is full
#   Decrease Java heap size (-Xmx/-Xms)
#   Decrease number of Java threads
#   Decrease Java thread stack sizes (-Xss)
#   Set larger code cache with -XX:ReservedCodeCacheSize=
#   JVM is running with Zero Based Compressed Oops mode in which the Java heap is
#     placed in the first 32GB address space. The Java Heap base address is the
#     maximum limit for the native heap growth. Please use -XX:HeapBaseMinAddress
#     to set the Java Heap base and to place the Java Heap above 32GB virtual address.
# This output file may be truncated or incomplete.
#
#  Out of Memory Error (arena.cpp:189), pid=11948, tid=24616
#
# JRE version: Java(TM) SE Runtime Environment (17.0.2+8) (build 17.0.2+8-LTS-86)
# Java VM: Java HotSpot(TM) 64-Bit Server VM (17.0.2+8-LTS-86, mixed mode, sharing, tiered, compressed oops, compressed class ptrs, g1 gc, windows-amd64)
# No core dump will be written. Minidumps are not enabled by default on client versions of Windows
#

---------------  S U M M A R Y ------------

Command Line: -Dmaven.multiModuleProjectDirectory=E:\java-workspace\cms\cms -Dmaven.home=C:\Program Files\JetBrains\IntelliJ IDEA 2021.3\plugins\maven\lib\maven3 -Dclassworlds.conf=C:\Program Files\JetBrains\IntelliJ IDEA 2021.3\plugins\maven\lib\maven3\bin\m2.conf -Dmaven.ext.class.path=C:\Program Files\JetBrains\IntelliJ IDEA 2021.3\plugins\maven\lib\maven-event-listener.jar -javaagent:C:\Program Files\JetBrains\IntelliJ IDEA 2021.3\lib\idea_rt.jar=50810:C:\Program Files\JetBrains\IntelliJ IDEA 2021.3\bin -Dfile.encoding=UTF-8 org.codehaus.classworlds.Launcher -Didea.version=2021.3 clean package

Host: Intel(R) Core(TM) i7-10750H CPU @ 2.60GHz, 12 cores, 15G,  Windows 10 , 64 bit Build 19041 (10.0.19041.5915)
Time: Thu Dec 25 14:41:37 2025 Iran Standard Time elapsed time: 1.191739 seconds (0d 0h 0m 1s)

---------------  T H R E A D  ---------------

Current thread (0x00000293c5618950):  JavaThread "C2 CompilerThread0" daemon [_thread_in_native, id=24616, stack(0x000000a32bd00000,0x000000a32be00000)]


Current CompileTask:
C2:   1191 1479       4       jdk.internal.loader.URLClassPath::getResource (74 bytes)

Stack: [0x000000a32bd00000,0x000000a32be00000]
Native frames: (J=compiled Java code, j=interpreted, Vv=VM code, C=native code)
V  [jvm.dll+0x670baa]
V  [jvm.dll+0x7cfcb4]
V  [jvm.dll+0x7d145e]
V  [jvm.dll+0x7d1ac3]
V  [jvm.dll+0x242bc5]
V  [jvm.dll+0xaa57b]
V  [jvm.dll+0xaab0c]
V  [jvm.dll+0x35fd07]
V  [jvm.dll+0x32a331]
V  [jvm.dll+0x3297da]
V  [jvm.dll+0x215c91]
V  [jvm.dll+0x2150b1]
V  [jvm.dll+0x1a1bbd]
V  [jvm.dll+0x224908]
V  [jvm.dll+0x222a6c]
V  [jvm.dll+0x7859bb]
V  [jvm.dll+0x77ff7a]
V  [jvm.dll+0x66fa35]
C  [ucrtbase.dll+0x21bb2]
C  [KERNEL32.DLL+0x17374]
C  [ntdll.dll+0x4cc91]


---------------  P R O C E S S  ---------------

Threads class SMR info:
_java_thread_list=0x00000293c6b024e0, length=15, elements={
0x00000293a2507140, 0x00000293c55f7ec0, 0x00000293c55f8d30, 0x00000293c5608840,
0x00000293c56093f0, 0x00000293c560bdb0, 0x00000293c560c760, 0x00000293c5618950,
0x00000293c5619a00, 0x00000293c561c400, 0x00000293c60d96e0, 0x00000293c60da080,
0x00000293c60da550, 0x00000293c690f010, 0x00000293c6a3b2b0
}

Java Threads: ( => current thread )
  0x00000293a2507140 JavaThread "main" [_thread_in_vm, id=38304, stack(0x000000a32b000000,0x000000a32b100000)]
  0x00000293c55f7ec0 JavaThread "Reference Handler" daemon [_thread_blocked, id=43696, stack(0x000000a32b700000,0x000000a32b800000)]
  0x00000293c55f8d30 JavaThread "Finalizer" daemon [_thread_blocked, id=21296, stack(0x000000a32b800000,0x000000a32b900000)]
  0x00000293c5608840 JavaThread "Signal Dispatcher" daemon [_thread_blocked, id=22872, stack(0x000000a32b900000,0x000000a32ba00000)]
  0x00000293c56093f0 JavaThread "Attach Listener" daemon [_thread_blocked, id=21588, stack(0x000000a32ba00000,0x000000a32bb00000)]
  0x00000293c560bdb0 JavaThread "Service Thread" daemon [_thread_blocked, id=30008, stack(0x000000a32bb00000,0x000000a32bc00000)]
  0x00000293c560c760 JavaThread "Monitor Deflation Thread" daemon [_thread_blocked, id=39756, stack(0x000000a32bc00000,0x000000a32bd00000)]
=>0x00000293c5618950 JavaThread "C2 CompilerThread0" daemon [_thread_in_native, id=24616, stack(0x000000a32bd00000,0x000000a32be00000)]
  0x00000293c5619a00 JavaThread "C1 CompilerThread0" daemon [_thread_blocked, id=37528, stack(0x000000a32be00000,0x000000a32bf00000)]
  0x00000293c561c400 JavaThread "Sweeper thread" daemon [_thread_blocked, id=35304, stack(0x000000a32bf00000,0x000000a32c000000)]
  0x00000293c60d96e0 JavaThread "Common-Cleaner" daemon [_thread_blocked, id=38012, stack(0x000000a32c000000,0x000000a32c100000)]
  0x00000293c60da080 JavaThread "Monitor Ctrl-Break" daemon [_thread_in_native, id=7620, stack(0x000000a32c100000,0x000000a32c200000)]
  0x00000293c60da550 JavaThread "Notification Thread" daemon [_thread_blocked, id=12728, stack(0x000000a32c200000,0x000000a32c300000)]
  0x00000293c690f010 JavaThread "C2 CompilerThread1" daemon [_thread_in_native, id=20116, stack(0x000000a32c400000,0x000000a32c500000)]
  0x00000293c6a3b2b0 JavaThread "C2 CompilerThread2" daemon [_thread_blocked, id=10260, stack(0x000000a32c500000,0x000000a32c600000)]

Other Threads:
  0x00000293c55f2a00 VMThread "VM Thread" [stack: 0x000000a32b600000,0x000000a32b700000] [id=36948]
  0x00000293a2574530 WatcherThread [stack: 0x000000a32c300000,0x000000a32c400000] [id=40328]
  0x00000293a2555a70 GCTaskThread "GC Thread#0" [stack: 0x000000a32b100000,0x000000a32b200000] [id=19244]
  0x00000293c69dbd60 GCTaskThread "GC Thread#1" [stack: 0x000000a32c600000,0x000000a32c700000] [id=7308]
  0x00000293c6bb01c0 GCTaskThread "GC Thread#2" [stack: 0x000000a32c700000,0x000000a32c800000] [id=34976]
  0x00000293c66604e0 GCTaskThread "GC Thread#3" [stack: 0x000000a32c800000,0x000000a32c900000] [id=36352]
  0x00000293c6660790 GCTaskThread "GC Thread#4" [stack: 0x000000a32c900000,0x000000a32ca00000] [id=13124]
  0x00000293c6ba6e20 GCTaskThread "GC Thread#5" [stack: 0x000000a32ca00000,0x000000a32cb00000] [id=27428]
  0x00000293c70e9820 GCTaskThread "GC Thread#6" [stack: 0x000000a32cb00000,0x000000a32cc00000] [id=38208]
  0x00000293c70e9ad0 GCTaskThread "GC Thread#7" [stack: 0x000000a32cc00000,0x000000a32cd00000] [id=25132]
  0x00000293a2567680 ConcurrentGCThread "G1 Main Marker" [stack: 0x000000a32b200000,0x000000a32b300000] [id=38340]
  0x00000293a2568090 ConcurrentGCThread "G1 Conc#0" [stack: 0x000000a32b300000,0x000000a32b400000] [id=532]
  0x00000293a25de560 ConcurrentGCThread "G1 Refine#0" [stack: 0x000000a32b400000,0x000000a32b500000] [id=34604]
  0x00000293c54aa100 ConcurrentGCThread "G1 Service" [stack: 0x000000a32b500000,0x000000a32b600000] [id=20044]

Threads with active compile tasks:
C2 CompilerThread0     1222 1479       4       jdk.internal.loader.URLClassPath::getResource (74 bytes)
C2 CompilerThread1     1222 1507   !   4       java.util.zip.ZipFile::getEntry (59 bytes)

VM state: not at safepoint (normal execution)

VM Mutex/Monitor currently owned by a thread: None

Heap address: 0x0000000703400000, size: 4044 MB, Compressed Oops mode: Zero based, Oop shift amount: 3

CDS archive(s) mapped at: [0x0000000800000000-0x0000000800bc0000-0x0000000800bc0000), size 12320768, SharedBaseAddress: 0x0000000800000000, ArchiveRelocationMode: 0.
Compressed class space mapped at: 0x0000000800c00000-0x0000000840c00000, reserved size: 1073741824
Narrow klass base: 0x0000000800000000, Narrow klass shift: 0, Narrow klass range: 0x100000000

GC Precious Log:
 CPUs: 12 total, 12 available
 Memory: 16169M
 Large Page Support: Disabled
 NUMA Support: Disabled
 Compressed Oops: Enabled (Zero based)
 Heap Region Size: 2M
 Heap Min Capacity: 8M
 Heap Initial Capacity: 254M
 Heap Max Capacity: 4044M
 Pre-touch: Disabled
 Parallel Workers: 10
 Concurrent Workers: 3
 Concurrent Refinement Workers: 10
 Periodic GC: Disabled

Heap:
 garbage-first heap   total 260096K, used 24372K [0x0000000703400000, 0x0000000800000000)
  region size 2048K, 13 young (26624K), 2 survivors (4096K)
 Metaspace       used 8761K, committed 8960K, reserved 1064960K
  class space    used 1020K, committed 1088K, reserved 1048576K

Heap Regions: E=young(eden), S=young(survivor), O=old, HS=humongous(starts), HC=humongous(continues), CS=collection set, F=free, OA=open archive, CA=closed archive, TAMS=top-at-mark-start (previous, next)
|   0|0x0000000703400000, 0x0000000703400000, 0x0000000703600000|  0%| F|  |TAMS 0x0000000703400000, 0x0000000703400000| Untracked 
|   1|0x0000000703600000, 0x0000000703600000, 0x0000000703800000|  0%| F|  |TAMS 0x0000000703600000, 0x0000000703600000| Untracked 
|   2|0x0000000703800000, 0x0000000703800000, 0x0000000703a00000|  0%| F|  |TAMS 0x0000000703800000, 0x0000000703800000| Untracked 
|   3|0x0000000703a00000, 0x0000000703a00000, 0x0000000703c00000|  0%| F|  |TAMS 0x0000000703a00000, 0x0000000703a00000| Untracked 
|   4|0x0000000703c00000, 0x0000000703c00000, 0x0000000703e00000|  0%| F|  |TAMS 0x0000000703c00000, 0x0000000703c00000| Untracked 
|   5|0x0000000703e00000, 0x0000000703e00000, 0x0000000704000000|  0%| F|  |TAMS 0x0000000703e00000, 0x0000000703e00000| Untracked 
|   6|0x0000000704000000, 0x0000000704000000, 0x0000000704200000|  0%| F|  |TAMS 0x0000000704000000, 0x0000000704000000| Untracked 
|   7|0x0000000704200000, 0x0000000704200000, 0x0000000704400000|  0%| F|  |TAMS 0x0000000704200000, 0x0000000704200000| Untracked 
|   8|0x0000000704400000, 0x0000000704400000, 0x0000000704600000|  0%| F|  |TAMS 0x0000000704400000, 0x0000000704400000| Untracked 
|   9|0x0000000704600000, 0x0000000704600000, 0x0000000704800000|  0%| F|  |TAMS 0x0000000704600000, 0x0000000704600000| Untracked 
|  10|0x0000000704800000, 0x0000000704800000, 0x0000000704a00000|  0%| F|  |TAMS 0x0000000704800000, 0x0000000704800000| Untracked 
|  11|0x0000000704a00000, 0x0000000704a00000, 0x0000000704c00000|  0%| F|  |TAMS 0x0000000704a00000, 0x0000000704a00000| Untracked 
|  12|0x0000000704c00000, 0x0000000704c00000, 0x0000000704e00000|  0%| F|  |TAMS 0x0000000704c00000, 0x0000000704c00000| Untracked 
|  13|0x0000000704e00000, 0x0000000704e00000, 0x0000000705000000|  0%| F|  |TAMS 0x0000000704e00000, 0x0000000704e00000| Untracked 
|  14|0x0000000705000000, 0x0000000705000000, 0x0000000705200000|  0%| F|  |TAMS 0x0000000705000000, 0x0000000705000000| Untracked 
|  15|0x0000000705200000, 0x0000000705200000, 0x0000000705400000|  0%| F|  |TAMS 0x0000000705200000, 0x0000000705200000| Untracked 
|  16|0x0000000705400000, 0x0000000705400000, 0x0000000705600000|  0%| F|  |TAMS 0x0000000705400000, 0x0000000705400000| Untracked 
|  17|0x0000000705600000, 0x0000000705600000, 0x0000000705800000|  0%| F|  |TAMS 0x0000000705600000, 0x0000000705600000| Untracked 
|  18|0x0000000705800000, 0x0000000705800000, 0x0000000705a00000|  0%| F|  |TAMS 0x0000000705800000, 0x0000000705800000| Untracked 
|  19|0x0000000705a00000, 0x0000000705a00000, 0x0000000705c00000|  0%| F|  |TAMS 0x0000000705a00000, 0x0000000705a00000| Untracked 
|  20|0x0000000705c00000, 0x0000000705c00000, 0x0000000705e00000|  0%| F|  |TAMS 0x0000000705c00000, 0x0000000705c00000| Untracked 
|  21|0x0000000705e00000, 0x0000000705e00000, 0x0000000706000000|  0%| F|  |TAMS 0x0000000705e00000, 0x0000000705e00000| Untracked 
|  22|0x0000000706000000, 0x0000000706000000, 0x0000000706200000|  0%| F|  |TAMS 0x0000000706000000, 0x0000000706000000| Untracked 
|  23|0x0000000706200000, 0x0000000706200000, 0x0000000706400000|  0%| F|  |TAMS 0x0000000706200000, 0x0000000706200000| Untracked 
|  24|0x0000000706400000, 0x0000000706400000, 0x0000000706600000|  0%| F|  |TAMS 0x0000000706400000, 0x0000000706400000| Untracked 
|  25|0x0000000706600000, 0x0000000706600000, 0x0000000706800000|  0%| F|  |TAMS 0x0000000706600000, 0x0000000706600000| Untracked 
|  26|0x0000000706800000, 0x0000000706800000, 0x0000000706a00000|  0%| F|  |TAMS 0x0000000706800000, 0x0000000706800000| Untracked 
|  27|0x0000000706a00000, 0x0000000706a00000, 0x0000000706c00000|  0%| F|  |TAMS 0x0000000706a00000, 0x0000000706a00000| Untracked 
|  28|0x0000000706c00000, 0x0000000706c00000, 0x0000000706e00000|  0%| F|  |TAMS 0x0000000706c00000, 0x0000000706c00000| Untracked 
|  29|0x0000000706e00000, 0x0000000706e00000, 0x0000000707000000|  0%| F|  |TAMS 0x0000000706e00000, 0x0000000706e00000| Untracked 
|  30|0x0000000707000000, 0x0000000707000000, 0x0000000707200000|  0%| F|  |TAMS 0x0000000707000000, 0x0000000707000000| Untracked 
|  31|0x0000000707200000, 0x0000000707200000, 0x0000000707400000|  0%| F|  |TAMS 0x0000000707200000, 0x0000000707200000| Untracked 
|  32|0x0000000707400000, 0x0000000707400000, 0x0000000707600000|  0%| F|  |TAMS 0x0000000707400000, 0x0000000707400000| Untracked 
|  33|0x0000000707600000, 0x0000000707600000, 0x0000000707800000|  0%| F|  |TAMS 0x0000000707600000, 0x0000000707600000| Untracked 
|  34|0x0000000707800000, 0x0000000707800000, 0x0000000707a00000|  0%| F|  |TAMS 0x0000000707800000, 0x0000000707800000| Untracked 
|  35|0x0000000707a00000, 0x0000000707a00000, 0x0000000707c00000|  0%| F|  |TAMS 0x0000000707a00000, 0x0000000707a00000| Untracked 
|  36|0x0000000707c00000, 0x0000000707c00000, 0x0000000707e00000|  0%| F|  |TAMS 0x0000000707c00000, 0x0000000707c00000| Untracked 
|  37|0x0000000707e00000, 0x0000000707e00000, 0x0000000708000000|  0%| F|  |TAMS 0x0000000707e00000, 0x0000000707e00000| Untracked 
|  38|0x0000000708000000, 0x0000000708000000, 0x0000000708200000|  0%| F|  |TAMS 0x0000000708000000, 0x0000000708000000| Untracked 
|  39|0x0000000708200000, 0x0000000708200000, 0x0000000708400000|  0%| F|  |TAMS 0x0000000708200000, 0x0000000708200000| Untracked 
|  40|0x0000000708400000, 0x0000000708400000, 0x0000000708600000|  0%| F|  |TAMS 0x0000000708400000, 0x0000000708400000| Untracked 
|  41|0x0000000708600000, 0x0000000708600000, 0x0000000708800000|  0%| F|  |TAMS 0x0000000708600000, 0x0000000708600000| Untracked 
|  42|0x0000000708800000, 0x0000000708800000, 0x0000000708a00000|  0%| F|  |TAMS 0x0000000708800000, 0x0000000708800000| Untracked 
|  43|0x0000000708a00000, 0x0000000708a00000, 0x0000000708c00000|  0%| F|  |TAMS 0x0000000708a00000, 0x0000000708a00000| Untracked 
|  44|0x0000000708c00000, 0x0000000708c00000, 0x0000000708e00000|  0%| F|  |TAMS 0x0000000708c00000, 0x0000000708c00000| Untracked 
|  45|0x0000000708e00000, 0x0000000708e00000, 0x0000000709000000|  0%| F|  |TAMS 0x0000000708e00000, 0x0000000708e00000| Untracked 
|  46|0x0000000709000000, 0x0000000709000000, 0x0000000709200000|  0%| F|  |TAMS 0x0000000709000000, 0x0000000709000000| Untracked 
|  47|0x0000000709200000, 0x0000000709200000, 0x0000000709400000|  0%| F|  |TAMS 0x0000000709200000, 0x0000000709200000| Untracked 
|  48|0x0000000709400000, 0x0000000709400000, 0x0000000709600000|  0%| F|  |TAMS 0x0000000709400000, 0x0000000709400000| Untracked 
|  49|0x0000000709600000, 0x0000000709600000, 0x0000000709800000|  0%| F|  |TAMS 0x0000000709600000, 0x0000000709600000| Untracked 
|  50|0x0000000709800000, 0x0000000709800000, 0x0000000709a00000|  0%| F|  |TAMS 0x0000000709800000, 0x0000000709800000| Untracked 
|  51|0x0000000709a00000, 0x0000000709a00000, 0x0000000709c00000|  0%| F|  |TAMS 0x0000000709a00000, 0x0000000709a00000| Untracked 
|  52|0x0000000709c00000, 0x0000000709c00000, 0x0000000709e00000|  0%| F|  |TAMS 0x0000000709c00000, 0x0000000709c00000| Untracked 
|  53|0x0000000709e00000, 0x0000000709e00000, 0x000000070a000000|  0%| F|  |TAMS 0x0000000709e00000, 0x0000000709e00000| Untracked 
|  54|0x000000070a000000, 0x000000070a000000, 0x000000070a200000|  0%| F|  |TAMS 0x000000070a000000, 0x000000070a000000| Untracked 
|  55|0x000000070a200000, 0x000000070a200000, 0x000000070a400000|  0%| F|  |TAMS 0x000000070a200000, 0x000000070a200000| Untracked 
|  56|0x000000070a400000, 0x000000070a400000, 0x000000070a600000|  0%| F|  |TAMS 0x000000070a400000, 0x000000070a400000| Untracked 
|  57|0x000000070a600000, 0x000000070a600000, 0x000000070a800000|  0%| F|  |TAMS 0x000000070a600000, 0x000000070a600000| Untracked 
|  58|0x000000070a800000, 0x000000070a800000, 0x000000070aa00000|  0%| F|  |TAMS 0x000000070a800000, 0x000000070a800000| Untracked 
|  59|0x000000070aa00000, 0x000000070aa00000, 0x000000070ac00000|  0%| F|  |TAMS 0x000000070aa00000, 0x000000070aa00000| Untracked 
|  60|0x000000070ac00000, 0x000000070ac00000, 0x000000070ae00000|  0%| F|  |TAMS 0x000000070ac00000, 0x000000070ac00000| Untracked 
|  61|0x000000070ae00000, 0x000000070ae00000, 0x000000070b000000|  0%| F|  |TAMS 0x000000070ae00000, 0x000000070ae00000| Untracked 
|  62|0x000000070b000000, 0x000000070b000000, 0x000000070b200000|  0%| F|  |TAMS 0x000000070b000000, 0x000000070b000000| Untracked 
|  63|0x000000070b200000, 0x000000070b200000, 0x000000070b400000|  0%| F|  |TAMS 0x000000070b200000, 0x000000070b200000| Untracked 
|  64|0x000000070b400000, 0x000000070b400000, 0x000000070b600000|  0%| F|  |TAMS 0x000000070b400000, 0x000000070b400000| Untracked 
|  65|0x000000070b600000, 0x000000070b600000, 0x000000070b800000|  0%| F|  |TAMS 0x000000070b600000, 0x000000070b600000| Untracked 
|  66|0x000000070b800000, 0x000000070b800000, 0x000000070ba00000|  0%| F|  |TAMS 0x000000070b800000, 0x000000070b800000| Untracked 
|  67|0x000000070ba00000, 0x000000070ba00000, 0x000000070bc00000|  0%| F|  |TAMS 0x000000070ba00000, 0x000000070ba00000| Untracked 
|  68|0x000000070bc00000, 0x000000070bc00000, 0x000000070be00000|  0%| F|  |TAMS 0x000000070bc00000, 0x000000070bc00000| Untracked 
|  69|0x000000070be00000, 0x000000070be00000, 0x000000070c000000|  0%| F|  |TAMS 0x000000070be00000, 0x000000070be00000| Untracked 
|  70|0x000000070c000000, 0x000000070c000000, 0x000000070c200000|  0%| F|  |TAMS 0x000000070c000000, 0x000000070c000000| Untracked 
|  71|0x000000070c200000, 0x000000070c200000, 0x000000070c400000|  0%| F|  |TAMS 0x000000070c200000, 0x000000070c200000| Untracked 
|  72|0x000000070c400000, 0x000000070c400000, 0x000000070c600000|  0%| F|  |TAMS 0x000000070c400000, 0x000000070c400000| Untracked 
|  73|0x000000070c600000, 0x000000070c600000, 0x000000070c800000|  0%| F|  |TAMS 0x000000070c600000, 0x000000070c600000| Untracked 
|  74|0x000000070c800000, 0x000000070c800000, 0x000000070ca00000|  0%| F|  |TAMS 0x000000070c800000, 0x000000070c800000| Untracked 
|  75|0x000000070ca00000, 0x000000070ca00000, 0x000000070cc00000|  0%| F|  |TAMS 0x000000070ca00000, 0x000000070ca00000| Untracked 
|  76|0x000000070cc00000, 0x000000070cc00000, 0x000000070ce00000|  0%| F|  |TAMS 0x000000070cc00000, 0x000000070cc00000| Untracked 
|  77|0x000000070ce00000, 0x000000070ce00000, 0x000000070d000000|  0%| F|  |TAMS 0x000000070ce00000, 0x000000070ce00000| Untracked 
|  78|0x000000070d000000, 0x000000070d000000, 0x000000070d200000|  0%| F|  |TAMS 0x000000070d000000, 0x000000070d000000| Untracked 
|  79|0x000000070d200000, 0x000000070d200000, 0x000000070d400000|  0%| F|  |TAMS 0x000000070d200000, 0x000000070d200000| Untracked 
|  80|0x000000070d400000, 0x000000070d400000, 0x000000070d600000|  0%| F|  |TAMS 0x000000070d400000, 0x000000070d400000| Untracked 
|  81|0x000000070d600000, 0x000000070d600000, 0x000000070d800000|  0%| F|  |TAMS 0x000000070d600000, 0x000000070d600000| Untracked 
|  82|0x000000070d800000, 0x000000070d800000, 0x000000070da00000|  0%| F|  |TAMS 0x000000070d800000, 0x000000070d800000| Untracked 
|  83|0x000000070da00000, 0x000000070da00000, 0x000000070dc00000|  0%| F|  |TAMS 0x000000070da00000, 0x000000070da00000| Untracked 
|  84|0x000000070dc00000, 0x000000070dc00000, 0x000000070de00000|  0%| F|  |TAMS 0x000000070dc00000, 0x000000070dc00000| Untracked 
|  85|0x000000070de00000, 0x000000070de00000, 0x000000070e000000|  0%| F|  |TAMS 0x000000070de00000, 0x000000070de00000| Untracked 
|  86|0x000000070e000000, 0x000000070e000000, 0x000000070e200000|  0%| F|  |TAMS 0x000000070e000000, 0x000000070e000000| Untracked 
|  87|0x000000070e200000, 0x000000070e200000, 0x000000070e400000|  0%| F|  |TAMS 0x000000070e200000, 0x000000070e200000| Untracked 
|  88|0x000000070e400000, 0x000000070e400000, 0x000000070e600000|  0%| F|  |TAMS 0x000000070e400000, 0x000000070e400000| Untracked 
|  89|0x000000070e600000, 0x000000070e600000, 0x000000070e800000|  0%| F|  |TAMS 0x000000070e600000, 0x000000070e600000| Untracked 
|  90|0x000000070e800000, 0x000000070e800000, 0x000000070ea00000|  0%| F|  |TAMS 0x000000070e800000, 0x000000070e800000| Untracked 
|  91|0x000000070ea00000, 0x000000070ea00000, 0x000000070ec00000|  0%| F|  |TAMS 0x000000070ea00000, 0x000000070ea00000| Untracked 
|  92|0x000000070ec00000, 0x000000070ec00000, 0x000000070ee00000|  0%| F|  |TAMS 0x000000070ec00000, 0x000000070ec00000| Untracked 
|  93|0x000000070ee00000, 0x000000070ee00000, 0x000000070f000000|  0%| F|  |TAMS 0x000000070ee00000, 0x000000070ee00000| Untracked 
|  94|0x000000070f000000, 0x000000070f000000, 0x000000070f200000|  0%| F|  |TAMS 0x000000070f000000, 0x000000070f000000| Untracked 
|  95|0x000000070f200000, 0x000000070f200000, 0x000000070f400000|  0%| F|  |TAMS 0x000000070f200000, 0x000000070f200000| Untracked 
|  96|0x000000070f400000, 0x000000070f400000, 0x000000070f600000|  0%| F|  |TAMS 0x000000070f400000, 0x000000070f400000| Untracked 
|  97|0x000000070f600000, 0x000000070f600000, 0x000000070f800000|  0%| F|  |TAMS 0x000000070f600000, 0x000000070f600000| Untracked 
|  98|0x000000070f800000, 0x000000070f800000, 0x000000070fa00000|  0%| F|  |TAMS 0x000000070f800000, 0x000000070f800000| Untracked 
|  99|0x000000070fa00000, 0x000000070fa00000, 0x000000070fc00000|  0%| F|  |TAMS 0x000000070fa00000, 0x000000070fa00000| Untracked 
| 100|0x000000070fc00000, 0x000000070fc00000, 0x000000070fe00000|  0%| F|  |TAMS 0x000000070fc00000, 0x000000070fc00000| Untracked 
| 101|0x000000070fe00000, 0x000000070fe00000, 0x0000000710000000|  0%| F|  |TAMS 0x000000070fe00000, 0x000000070fe00000| Untracked 
| 102|0x0000000710000000, 0x0000000710000000, 0x0000000710200000|  0%| F|  |TAMS 0x0000000710000000, 0x0000000710000000| Untracked 
| 103|0x0000000710200000, 0x0000000710200000, 0x0000000710400000|  0%| F|  |TAMS 0x0000000710200000, 0x0000000710200000| Untracked 
| 104|0x0000000710400000, 0x0000000710400000, 0x0000000710600000|  0%| F|  |TAMS 0x0000000710400000, 0x0000000710400000| Untracked 
| 105|0x0000000710600000, 0x0000000710600000, 0x0000000710800000|  0%| F|  |TAMS 0x0000000710600000, 0x0000000710600000| Untracked 
| 106|0x0000000710800000, 0x0000000710800000, 0x0000000710a00000|  0%| F|  |TAMS 0x0000000710800000, 0x0000000710800000| Untracked 
| 107|0x0000000710a00000, 0x0000000710a00000, 0x0000000710c00000|  0%| F|  |TAMS 0x0000000710a00000, 0x0000000710a00000| Untracked 
| 108|0x0000000710c00000, 0x0000000710c00000, 0x0000000710e00000|  0%| F|  |TAMS 0x0000000710c00000, 0x0000000710c00000| Untracked 
| 109|0x0000000710e00000, 0x0000000710e00000, 0x0000000711000000|  0%| F|  |TAMS 0x0000000710e00000, 0x0000000710e00000| Untracked 
| 110|0x0000000711000000, 0x0000000711000000, 0x0000000711200000|  0%| F|  |TAMS 0x0000000711000000, 0x0000000711000000| Untracked 
| 111|0x0000000711200000, 0x0000000711200000, 0x0000000711400000|  0%| F|  |TAMS 0x0000000711200000, 0x0000000711200000| Untracked 
| 112|0x0000000711400000, 0x0000000711400000, 0x0000000711600000|  0%| F|  |TAMS 0x0000000711400000, 0x0000000711400000| Untracked 
| 113|0x0000000711600000, 0x0000000711600000, 0x0000000711800000|  0%| F|  |TAMS 0x0000000711600000, 0x0000000711600000| Untracked 
| 114|0x0000000711800000, 0x00000007119cd100, 0x0000000711a00000| 90%| S|CS|TAMS 0x0000000711800000, 0x0000000711800000| Complete 
| 115|0x0000000711a00000, 0x0000000711c00000, 0x0000000711c00000|100%| S|CS|TAMS 0x0000000711a00000, 0x0000000711a00000| Complete 
| 116|0x0000000711c00000, 0x0000000711dc3188, 0x0000000711e00000| 88%| E|  |TAMS 0x0000000711c00000, 0x0000000711c00000| Complete 
| 117|0x0000000711e00000, 0x0000000712000000, 0x0000000712000000|100%| E|CS|TAMS 0x0000000711e00000, 0x0000000711e00000| Complete 
| 118|0x0000000712000000, 0x0000000712200000, 0x0000000712200000|100%| E|CS|TAMS 0x0000000712000000, 0x0000000712000000| Complete 
| 119|0x0000000712200000, 0x0000000712400000, 0x0000000712400000|100%| E|CS|TAMS 0x0000000712200000, 0x0000000712200000| Complete 
| 120|0x0000000712400000, 0x0000000712600000, 0x0000000712600000|100%| E|CS|TAMS 0x0000000712400000, 0x0000000712400000| Complete 
| 121|0x0000000712600000, 0x0000000712800000, 0x0000000712800000|100%| E|CS|TAMS 0x0000000712600000, 0x0000000712600000| Complete 
| 122|0x0000000712800000, 0x0000000712a00000, 0x0000000712a00000|100%| E|CS|TAMS 0x0000000712800000, 0x0000000712800000| Complete 
| 123|0x0000000712a00000, 0x0000000712c00000, 0x0000000712c00000|100%| E|CS|TAMS 0x0000000712a00000, 0x0000000712a00000| Complete 
| 124|0x0000000712c00000, 0x0000000712e00000, 0x0000000712e00000|100%| E|CS|TAMS 0x0000000712c00000, 0x0000000712c00000| Complete 
| 125|0x0000000712e00000, 0x0000000713000000, 0x0000000713000000|100%| E|CS|TAMS 0x0000000712e00000, 0x0000000712e00000| Complete 
| 126|0x0000000713000000, 0x0000000713200000, 0x0000000713200000|100%| E|CS|TAMS 0x0000000713000000, 0x0000000713000000| Complete 

Card table byte_map: [0x00000293b9aa0000,0x00000293ba290000] _byte_map_base: 0x00000293b6286000

Marking Bits (Prev, Next): (CMBitMap*) 0x00000293a2557090, (CMBitMap*) 0x00000293a25570d0
 Prev Bits: [0x00000293baa80000, 0x00000293be9b0000)
 Next Bits: [0x00000293be9b0000, 0x00000293c28e0000)

Polling page: 0x00000293a1ce0000

Metaspace:

Usage:
  Non-class:      7.61 MB used.
      Class:      1.00 MB used.
       Both:      8.61 MB used.

Virtual space:
  Non-class space:       16.00 MB reserved,       7.69 MB ( 48%) committed,  2 nodes.
      Class space:        1.00 GB reserved,       1.12 MB ( <1%) committed,  1 nodes.
             Both:        1.02 GB reserved,       8.81 MB ( <1%) committed. 

Chunk freelists:
   Non-Class:  3.32 MB
       Class:  2.75 MB
        Both:  6.07 MB

MaxMetaspaceSize: unlimited
CompressedClassSpaceSize: 1.00 GB
Initial GC threshold: 21.00 MB
Current GC threshold: 21.00 MB
CDS: on
MetaspaceReclaimPolicy: balanced
 - commit_granule_bytes: 65536.
 - commit_granule_words: 8192.
 - virtual_space_node_default_size: 1048576.
 - enlarge_chunks_in_place: 1.
 - new_chunks_are_fully_committed: 0.
 - uncommit_free_chunks: 1.
 - use_allocation_guard: 0.
 - handle_deallocations: 1.


Internal statistics:

num_allocs_failed_limit: 0.
num_arena_births: 40.
num_arena_deaths: 0.
num_vsnodes_births: 3.
num_vsnodes_deaths: 0.
num_space_committed: 141.
num_space_uncommitted: 0.
num_chunks_returned_to_freelist: 0.
num_chunks_taken_from_freelist: 286.
num_chunk_merges: 0.
num_chunk_splits: 206.
num_chunks_enlarged: 168.
num_purges: 0.
num_inconsistent_stats: 0.

CodeHeap 'non-profiled nmethods': size=120000Kb used=646Kb max_used=646Kb free=119353Kb
 bounds [0x00000293b1830000, 0x00000293b1aa0000, 0x00000293b8d60000]
CodeHeap 'profiled nmethods': size=120000Kb used=3010Kb max_used=3010Kb free=116989Kb
 bounds [0x00000293aa300000, 0x00000293aa600000, 0x00000293b1830000]
CodeHeap 'non-nmethods': size=5760Kb used=1159Kb max_used=1206Kb free=4600Kb
 bounds [0x00000293a9d60000, 0x00000293a9fd0000, 0x00000293aa300000]
 total_blobs=1980 nmethods=1526 adapters=367
 compilation: enabled
              stopped_count=0, restarted_count=0
 full_count=0

Compilation events (20 events):
Event: 1.177 Thread 0x00000293c690f010 1488   !   4       java.lang.reflect.Executable::declaredAnnotations (85 bytes)
Event: 1.177 Thread 0x00000293c5619a00 1489       3       com.google.common.cache.LocalCache$Segment::getLiveValue (61 bytes)
Event: 1.178 Thread 0x00000293c5619a00 nmethod 1489 0x00000293aa5d4290 code [0x00000293aa5d46c0, 0x00000293aa5d6938]
Event: 1.178 Thread 0x00000293c5619a00 1491       3       com.google.inject.internal.MoreTypes::getGenericSupertype (135 bytes)
Event: 1.180 Thread 0x00000293c5619a00 nmethod 1491 0x00000293aa5d7390 code [0x00000293aa5d7840, 0x00000293aa5d9b78]
Event: 1.180 Thread 0x00000293c5619a00 1492   !   3       sun.reflect.annotation.AnnotationParser::parseAnnotation2 (271 bytes)
Event: 1.182 Thread 0x00000293c5619a00 nmethod 1492 0x00000293aa5da690 code [0x00000293aa5daaa0, 0x00000293aa5dc7c8]
Event: 1.182 Thread 0x00000293c5619a00 1490       3       com.google.common.cache.LocalCache::isExpired (57 bytes)
Event: 1.182 Thread 0x00000293c5619a00 nmethod 1490 0x00000293aa5dd210 code [0x00000293aa5dd420, 0x00000293aa5ddba8]
Event: 1.182 Thread 0x00000293c5619a00 1494       3       jdk.internal.reflect.ReflectionFactory::getExecutableSharedParameterTypes (11 bytes)
Event: 1.182 Thread 0x00000293c5619a00 nmethod 1494 0x00000293aa5ddf10 code [0x00000293aa5de0c0, 0x00000293aa5de328]
Event: 1.182 Thread 0x00000293c5619a00 1493       3       jdk.internal.loader.AbstractClassLoaderValue::<init> (5 bytes)
Event: 1.182 Thread 0x00000293c5619a00 nmethod 1493 0x00000293aa5de490 code [0x00000293aa5de620, 0x00000293aa5de778]
Event: 1.183 Thread 0x00000293c5619a00 1495       3       com.google.inject.internal.AbstractBindingBuilder::checkNotTargetted (26 bytes)
Event: 1.183 Thread 0x00000293c5619a00 nmethod 1495 0x00000293aa5de810 code [0x00000293aa5de9c0, 0x00000293aa5ded48]
Event: 1.187 Thread 0x00000293c690f010 nmethod 1488 0x00000293b18cdc10 code [0x00000293b18cde40, 0x00000293b18cea80]
Event: 1.189 Thread 0x00000293c5619a00 1496       3       java.lang.Class$ReflectionData::<init> (10 bytes)
Event: 1.189 Thread 0x00000293c5619a00 nmethod 1496 0x00000293aa5dee90 code [0x00000293aa5df020, 0x00000293aa5df198]
Event: 1.189 Thread 0x00000293c5619a00 1497       3       java.lang.Class$Atomic::casReflectionData (13 bytes)
Event: 1.189 Thread 0x00000293c5619a00 nmethod 1497 0x00000293aa5df290 code [0x00000293aa5df420, 0x00000293aa5df578]

GC Heap History (2 events):
Event: 0.876 GC heap before
{Heap before GC invocations=0 (full 0):
 garbage-first heap   total 260096K, used 22528K [0x0000000703400000, 0x0000000800000000)
  region size 2048K, 11 young (22528K), 0 survivors (0K)
 Metaspace       used 5672K, committed 5824K, reserved 1056768K
  class space    used 651K, committed 704K, reserved 1048576K
}
Event: 0.880 GC heap after
{Heap after GC invocations=1 (full 0):
 garbage-first heap   total 260096K, used 3892K [0x0000000703400000, 0x0000000800000000)
  region size 2048K, 2 young (4096K), 2 survivors (4096K)
 Metaspace       used 5672K, committed 5824K, reserved 1056768K
  class space    used 651K, committed 704K, reserved 1048576K
}

Deoptimization events (20 events):
Event: 0.974 Thread 0x00000293a2507140 DEOPT PACKING pc=0x00000293b18ac8c8 sp=0x000000a32b0fb6e0
Event: 0.974 Thread 0x00000293a2507140 DEOPT UNPACKING pc=0x00000293a9db23a3 sp=0x000000a32b0fb668 mode 2
Event: 0.998 Thread 0x00000293a2507140 Uncommon trap: trap_request=0xffffffc6 fr.pc=0x00000293b1880f6c relative=0x00000000000018ac
Event: 0.998 Thread 0x00000293a2507140 Uncommon trap: reason=bimorphic_or_optimized_type_check action=maybe_recompile pc=0x00000293b1880f6c method=java.util.HashMap.putVal(ILjava/lang/Object;Ljava/lang/Object;ZZ)Ljava/lang/Object; @ 91 c2
Event: 0.998 Thread 0x00000293a2507140 DEOPT PACKING pc=0x00000293b1880f6c sp=0x000000a32b0fd350
Event: 0.998 Thread 0x00000293a2507140 DEOPT UNPACKING pc=0x00000293a9db23a3 sp=0x000000a32b0fd2a8 mode 2
Event: 1.008 Thread 0x00000293c56093f0 Uncommon trap: trap_request=0xffffffc6 fr.pc=0x00000293b189eba8 relative=0x0000000000000368
Event: 1.008 Thread 0x00000293c56093f0 Uncommon trap: reason=bimorphic_or_optimized_type_check action=maybe_recompile pc=0x00000293b189eba8 method=java.nio.Buffer.<init>(IIIILjdk/internal/access/foreign/MemorySegmentProxy;)V @ 39 c2
Event: 1.008 Thread 0x00000293c56093f0 DEOPT PACKING pc=0x00000293b189eba8 sp=0x000000a32bafdec0
Event: 1.008 Thread 0x00000293c56093f0 DEOPT UNPACKING pc=0x00000293a9db23a3 sp=0x000000a32bafde68 mode 2
Event: 1.045 Thread 0x00000293a2507140 Uncommon trap: trap_request=0xffffff45 fr.pc=0x00000293b18b9fdc relative=0x00000000000004bc
Event: 1.045 Thread 0x00000293a2507140 Uncommon trap: reason=unstable_if action=reinterpret pc=0x00000293b18b9fdc method=java.lang.String.<init>([CIILjava/lang/Void;)V @ 5 c2
Event: 1.045 Thread 0x00000293a2507140 DEOPT PACKING pc=0x00000293b18b9fdc sp=0x000000a32b0fd8d0
Event: 1.045 Thread 0x00000293a2507140 DEOPT UNPACKING pc=0x00000293a9db23a3 sp=0x000000a32b0fd768 mode 2
Event: 1.047 Thread 0x00000293a2507140 DEOPT PACKING pc=0x00000293aa3604f4 sp=0x000000a32b0fcd70
Event: 1.047 Thread 0x00000293a2507140 DEOPT UNPACKING pc=0x00000293a9db2b43 sp=0x000000a32b0fc220 mode 0
Event: 1.069 Thread 0x00000293a2507140 Uncommon trap: trap_request=0xffffff45 fr.pc=0x00000293b18b4958 relative=0x0000000000000438
Event: 1.069 Thread 0x00000293a2507140 Uncommon trap: reason=unstable_if action=reinterpret pc=0x00000293b18b4958 method=java.lang.String.<init>([CIILjava/lang/Void;)V @ 5 c2
Event: 1.069 Thread 0x00000293a2507140 DEOPT PACKING pc=0x00000293b18b4958 sp=0x000000a32b0fd880
Event: 1.069 Thread 0x00000293a2507140 DEOPT UNPACKING pc=0x00000293a9db23a3 sp=0x000000a32b0fd7c8 mode 2

Classes unloaded (0 events):
No events

Classes redefined (0 events):
No events

Internal exceptions (6 events):
Event: 0.164 Thread 0x00000293c60da080 Exception <a 'java/lang/NoSuchMethodError'{0x0000000712e75978}: 'java.lang.Object java.lang.invoke.DirectMethodHandle$Holder.invokeStaticInit(java.lang.Object)'> (0x0000000712e75978) 
thrown [t:\workspace\open\src\hotspot\share\interpreter\linkResolver.cpp, line 766]
Event: 0.173 Thread 0x00000293c60da080 Exception <a 'java/lang/NoSuchMethodError'{0x0000000712e83708}: 'void java.lang.invoke.DirectMethodHandle$Holder.invokeStatic(java.lang.Object, java.lang.Object)'> (0x0000000712e83708) 
thrown [t:\workspace\open\src\hotspot\share\interpreter\linkResolver.cpp, line 766]
Event: 0.314 Thread 0x00000293a2507140 Exception <a 'java/lang/NoSuchMethodError'{0x0000000712d9acc0}: 'java.lang.Object java.lang.invoke.DirectMethodHandle$Holder.invokeStaticInit(java.lang.Object, int, int, int, int)'> (0x0000000712d9acc0) 
thrown [t:\workspace\open\src\hotspot\share\interpreter\linkResolver.cpp, line 766]
Event: 0.421 Thread 0x00000293a2507140 Exception <a 'java/lang/NoSuchMethodError'{0x0000000712ded878}: 'java.lang.Object java.lang.invoke.DirectMethodHandle$Holder.invokeStaticInit(java.lang.Object, java.lang.Object, int, int, int, int)'> (0x0000000712ded878) 
thrown [t:\workspace\open\src\hotspot\share\interpreter\linkResolver.cpp, line 766]
Event: 0.780 Thread 0x00000293a2507140 Exception <a 'java/lang/NoSuchMethodError'{0x0000000712074b58}: 'java.lang.Object java.lang.invoke.DirectMethodHandle$Holder.newInvokeSpecial(java.lang.Object, java.lang.Object, java.lang.Object, java.lang.Object, java.lang.Object)'> (0x0000000712074b58) 
thrown [t:\workspace\open\src\hotspot\share\interpreter\linkResolver.cpp, line 766]
Event: 1.015 Thread 0x00000293c56093f0 Exception <a 'java/lang/NoSuchMethodError'{0x00000007128eee90}: 'java.lang.Object java.lang.invoke.DirectMethodHandle$Holder.invokeStaticInit(java.lang.Object, int)'> (0x00000007128eee90) 
thrown [t:\workspace\open\src\hotspot\share\interpreter\linkResolver.cpp, line 766]

VM Operations (18 events):
Event: 0.113 Executing VM operation: HandshakeAllThreads
Event: 0.113 Executing VM operation: HandshakeAllThreads done
Event: 0.163 Executing VM operation: HandshakeAllThreads
Event: 0.163 Executing VM operation: HandshakeAllThreads done
Event: 0.271 Executing VM operation: HandshakeAllThreads
Event: 0.271 Executing VM operation: HandshakeAllThreads done
Event: 0.426 Executing VM operation: HandshakeAllThreads
Event: 0.426 Executing VM operation: HandshakeAllThreads done
Event: 0.433 Executing VM operation: HandshakeAllThreads
Event: 0.433 Executing VM operation: HandshakeAllThreads done
Event: 0.482 Executing VM operation: HandshakeAllThreads
Event: 0.482 Executing VM operation: HandshakeAllThreads done
Event: 0.819 Executing VM operation: ICBufferFull
Event: 0.819 Executing VM operation: ICBufferFull done
Event: 0.876 Executing VM operation: G1CollectForAllocation
Event: 0.880 Executing VM operation: G1CollectForAllocation done
Event: 1.123 Executing VM operation: HandshakeAllThreads
Event: 1.123 Executing VM operation: HandshakeAllThreads done

Events (20 events):
Event: 1.016 loading class java/util/stream/Nodes$EmptyNode$OfDouble
Event: 1.016 loading class java/util/stream/Node$OfDouble
Event: 1.016 loading class java/util/stream/Node$OfDouble done
Event: 1.016 loading class java/util/stream/Nodes$EmptyNode$OfDouble done
Event: 1.017 loading class java/util/stream/Nodes$FixedNodeBuilder
Event: 1.017 loading class java/util/stream/Node$Builder
Event: 1.017 loading class java/util/stream/Node$Builder done
Event: 1.017 loading class java/util/stream/Nodes$ArrayNode
Event: 1.017 loading class java/util/stream/Nodes$ArrayNode done
Event: 1.017 loading class java/util/stream/Nodes$FixedNodeBuilder done
Event: 1.017 loading class java/util/stream/SortedOps$SizedRefSortingSink
Event: 1.017 loading class java/util/stream/SortedOps$AbstractRefSortingSink
Event: 1.017 loading class java/util/stream/SortedOps$AbstractRefSortingSink done
Event: 1.017 loading class java/util/stream/SortedOps$SizedRefSortingSink done
Event: 1.018 loading class sun/util/resources/TimeZoneNames
Event: 1.018 loading class sun/util/resources/TimeZoneNames done
Event: 1.018 loading class sun/util/resources/TimeZoneNames_en
Event: 1.018 loading class sun/util/resources/TimeZoneNames_en done
Event: 1.125 loading class java/lang/Deprecated
Event: 1.125 loading class java/lang/Deprecated done


Dynamic libraries:
0x00007ff71fc10000 - 0x00007ff71fc20000 	C:\Program Files\Java\jdk-17.0.2\bin\java.exe
0x00007ffad88f0000 - 0x00007ffad8ae8000 	C:\WINDOWS\SYSTEM32\ntdll.dll
0x00007ffad6f80000 - 0x00007ffad7042000 	C:\WINDOWS\System32\KERNEL32.DLL
0x00007ffad6610000 - 0x00007ffad6906000 	C:\WINDOWS\System32\KERNELBASE.dll
0x00007ffad6350000 - 0x00007ffad6450000 	C:\WINDOWS\System32\ucrtbase.dll
0x00007ffabf9f0000 - 0x00007ffabfa0a000 	C:\Program Files\Java\jdk-17.0.2\bin\VCRUNTIME140.dll
0x00007ffabfb10000 - 0x00007ffabfb28000 	C:\Program Files\Java\jdk-17.0.2\bin\jli.dll
0x00007ffad8360000 - 0x00007ffad8411000 	C:\WINDOWS\System32\ADVAPI32.dll
0x00007ffad73d0000 - 0x00007ffad746e000 	C:\WINDOWS\System32\msvcrt.dll
0x00007ffad8530000 - 0x00007ffad85cf000 	C:\WINDOWS\System32\sechost.dll
0x00007ffad7c90000 - 0x00007ffad7db0000 	C:\WINDOWS\System32\RPCRT4.dll
0x00007ffad6450000 - 0x00007ffad6477000 	C:\WINDOWS\System32\bcrypt.dll
0x00007ffad71e0000 - 0x00007ffad7381000 	C:\WINDOWS\System32\USER32.dll
0x00007ffad6140000 - 0x00007ffad6162000 	C:\WINDOWS\System32\win32u.dll
0x00007ffad7c50000 - 0x00007ffad7c7b000 	C:\WINDOWS\System32\GDI32.dll
0x00007ffabd180000 - 0x00007ffabd41b000 	C:\WINDOWS\WinSxS\amd64_microsoft.windows.common-controls_6595b64144ccf1df_6.0.19041.6456_none_60b8a6cb71f64256\COMCTL32.dll
0x00007ffad6020000 - 0x00007ffad6139000 	C:\WINDOWS\System32\gdi32full.dll
0x00007ffad5f80000 - 0x00007ffad601d000 	C:\WINDOWS\System32\msvcp_win.dll
0x00007ffacc480000 - 0x00007ffacc48a000 	C:\WINDOWS\SYSTEM32\VERSION.dll
0x00007ffad73a0000 - 0x00007ffad73cf000 	C:\WINDOWS\System32\IMM32.DLL
0x00007ffacc9f0000 - 0x00007ffacc9fc000 	C:\Program Files\Java\jdk-17.0.2\bin\vcruntime140_1.dll
0x00007ffaa0ee0000 - 0x00007ffaa0f6d000 	C:\Program Files\Java\jdk-17.0.2\bin\msvcp140.dll
0x00007ffa791b0000 - 0x00007ffa79d71000 	C:\Program Files\Java\jdk-17.0.2\bin\server\jvm.dll
0x00007ffad7c80000 - 0x00007ffad7c88000 	C:\WINDOWS\System32\PSAPI.DLL
0x00007ffab9fb0000 - 0x00007ffab9fb9000 	C:\WINDOWS\SYSTEM32\WSOCK32.dll
0x00007ffabcfa0000 - 0x00007ffabcfc7000 	C:\WINDOWS\SYSTEM32\WINMM.dll
0x00007ffad7470000 - 0x00007ffad74db000 	C:\WINDOWS\System32\WS2_32.dll
0x00007ffad4790000 - 0x00007ffad47a2000 	C:\WINDOWS\SYSTEM32\kernel.appcore.dll
0x00007ffacbc20000 - 0x00007ffacbc2a000 	C:\Program Files\Java\jdk-17.0.2\bin\jimage.dll
0x00007ffad4490000 - 0x00007ffad4691000 	C:\WINDOWS\SYSTEM32\DBGHELP.DLL
0x00007ffacb9d0000 - 0x00007ffacba04000 	C:\WINDOWS\SYSTEM32\dbgcore.DLL
0x00007ffad6580000 - 0x00007ffad6602000 	C:\WINDOWS\System32\bcryptPrimitives.dll
0x00007ffac40e0000 - 0x00007ffac40ee000 	C:\Program Files\Java\jdk-17.0.2\bin\instrument.dll
0x00007ffab2500000 - 0x00007ffab2525000 	C:\Program Files\Java\jdk-17.0.2\bin\java.dll
0x00007ffaa0c30000 - 0x00007ffaa0d06000 	C:\Program Files\Java\jdk-17.0.2\bin\jsvml.dll
0x00007ffad74e0000 - 0x00007ffad7c50000 	C:\WINDOWS\System32\SHELL32.dll
0x00007ffad3c10000 - 0x00007ffad43b5000 	C:\WINDOWS\SYSTEM32\windows.storage.dll
0x00007ffad6970000 - 0x00007ffad6cc4000 	C:\WINDOWS\System32\combase.dll
0x00007ffad59b0000 - 0x00007ffad59db000 	C:\WINDOWS\SYSTEM32\Wldp.dll
0x00007ffad8780000 - 0x00007ffad884d000 	C:\WINDOWS\System32\OLEAUT32.dll
0x00007ffad6db0000 - 0x00007ffad6e5d000 	C:\WINDOWS\System32\SHCORE.dll
0x00007ffad6910000 - 0x00007ffad696b000 	C:\WINDOWS\System32\shlwapi.dll
0x00007ffad5eb0000 - 0x00007ffad5ed4000 	C:\WINDOWS\SYSTEM32\profapi.dll
0x00007ffabe4b0000 - 0x00007ffabe4c8000 	C:\Program Files\Java\jdk-17.0.2\bin\zip.dll
0x00007ffabf950000 - 0x00007ffabf969000 	C:\Program Files\Java\jdk-17.0.2\bin\net.dll
0x00007ffacfb70000 - 0x00007ffacfc7a000 	C:\WINDOWS\SYSTEM32\WINHTTP.dll
0x00007ffad5710000 - 0x00007ffad577a000 	C:\WINDOWS\system32\mswsock.dll
0x00007ffabe5a0000 - 0x00007ffabe5b6000 	C:\Program Files\Java\jdk-17.0.2\bin\nio.dll
0x00007ffabe480000 - 0x00007ffabe49a000 	C:\Program Files\JetBrains\IntelliJ IDEA 2021.3\bin\breakgen64.dll
0x00007ffac41a0000 - 0x00007ffac41b0000 	C:\Program Files\Java\jdk-17.0.2\bin\verify.dll
0x00007ffad5900000 - 0x00007ffad5918000 	C:\WINDOWS\SYSTEM32\CRYPTSP.dll
0x00007ffad4fc0000 - 0x00007ffad4ff8000 	C:\WINDOWS\system32\rsaenh.dll
0x00007ffad5e70000 - 0x00007ffad5e9e000 	C:\WINDOWS\SYSTEM32\USERENV.dll
0x00007ffad5920000 - 0x00007ffad592c000 	C:\WINDOWS\SYSTEM32\CRYPTBASE.dll
0x00007ffad5380000 - 0x00007ffad53bb000 	C:\WINDOWS\SYSTEM32\IPHLPAPI.DLL
0x00007ffad8350000 - 0x00007ffad8358000 	C:\WINDOWS\System32\NSI.dll
0x00007ffaccbb0000 - 0x00007ffaccbc7000 	C:\WINDOWS\SYSTEM32\dhcpcsvc6.DLL
0x00007fface9c0000 - 0x00007fface9dd000 	C:\WINDOWS\SYSTEM32\dhcpcsvc.DLL
0x00007ffad53c0000 - 0x00007ffad548a000 	C:\WINDOWS\SYSTEM32\DNSAPI.dll
0x00007ffac3fc0000 - 0x00007ffac3fca000 	C:\Users\user\AppData\Local\Temp\jansi-1.17.1-1699238793593964410.dll
0x00007ffac3ea0000 - 0x00007ffac3eaa000 	C:\Users\user\AppData\Local\Temp\jansi-1.17.1-6987600021074457062.dll

dbghelp: loaded successfully - version: 4.0.5 - missing functions: none
symbol engine: initialized successfully - sym options: 0x614 - pdb path: .;C:\Program Files\Java\jdk-17.0.2\bin;C:\WINDOWS\SYSTEM32;C:\WINDOWS\WinSxS\amd64_microsoft.windows.common-controls_6595b64144ccf1df_6.0.19041.6456_none_60b8a6cb71f64256;C:\Program Files\Java\jdk-17.0.2\bin\server;C:\Program Files\JetBrains\IntelliJ IDEA 2021.3\bin;C:\Users\user\AppData\Local\Temp

VM Arguments:
jvm_args: -Dmaven.multiModuleProjectDirectory=E:\java-workspace\cms\cms -Dmaven.home=C:\Program Files\JetBrains\IntelliJ IDEA 2021.3\plugins\maven\lib\maven3 -Dclassworlds.conf=C:\Program Files\JetBrains\IntelliJ IDEA 2021.3\plugins\maven\lib\maven3\bin\m2.conf -Dmaven.ext.class.path=C:\Program Files\JetBrains\IntelliJ IDEA 2021.3\plugins\maven\lib\maven-event-listener.jar -javaagent:C:\Program Files\JetBrains\IntelliJ IDEA 2021.3\lib\idea_rt.jar=50810:C:\Program Files\JetBrains\IntelliJ IDEA 2021.3\bin -Dfile.encoding=UTF-8 
java_command: org.codehaus.classworlds.Launcher -Didea.version=2021.3 clean package
java_class_path (initial): C:\Program Files\JetBrains\IntelliJ IDEA 2021.3\plugins\maven\lib\maven3\boot\plexus-classworlds-2.6.0.jar;C:\Program Files\JetBrains\IntelliJ IDEA 2021.3\plugins\maven\lib\maven3\boot\plexus-classworlds.license
Launcher Type: SUN_STANDARD

[Global flags]
     intx CICompilerCount                          = 4                                         {product} {ergonomic}
     uint ConcGCThreads                            = 3                                         {product} {ergonomic}
     uint G1ConcRefinementThreads                  = 10                                        {product} {ergonomic}
   size_t G1HeapRegionSize                         = 2097152                                   {product} {ergonomic}
    uintx GCDrainStackTargetSize                   = 64                                        {product} {ergonomic}
   size_t InitialHeapSize                          = 266338304                                 {product} {ergonomic}
   size_t MarkStackSize                            = 4194304                                   {product} {ergonomic}
   size_t MaxHeapSize                              = 4240441344                                {product} {ergonomic}
   size_t MaxNewSize                               = 2543845376                                {product} {ergonomic}
   size_t MinHeapDeltaBytes                        = 2097152                                   {product} {ergonomic}
   size_t MinHeapSize                              = 8388608                                   {product} {ergonomic}
    uintx NonNMethodCodeHeapSize                   = 5839372                                {pd product} {ergonomic}
    uintx NonProfiledCodeHeapSize                  = 122909434                              {pd product} {ergonomic}
    uintx ProfiledCodeHeapSize                     = 122909434                              {pd product} {ergonomic}
    uintx ReservedCodeCacheSize                    = 251658240                              {pd product} {ergonomic}
     bool SegmentedCodeCache                       = true                                      {product} {ergonomic}
   size_t SoftMaxHeapSize                          = 4240441344                             {manageable} {ergonomic}
     bool UseCompressedClassPointers               = true                           {product lp64_product} {ergonomic}
     bool UseCompressedOops                        = true                           {product lp64_product} {ergonomic}
     bool UseG1GC                                  = true                                      {product} {ergonomic}
     bool UseLargePagesIndividualAllocation        = false                                  {pd product} {ergonomic}

Logging:
Log output configuration:
 #0: stdout all=warning uptime,level,tags
 #1: stderr all=off uptime,level,tags

Environment Variables:
JAVA_HOME=C:\Program Files\Java\jdk-17.0.2
PATH=C:\app\user\product\21c\dbhomeXE\bin;C:\Program Files\Common Files\Oracle\Java\javapath;C:\Program Files (x86)\Common Files\Oracle\Java\javapath;C:\Windows\system32;C:\Windows;C:\Windows\System32\Wbem;C:\Windows\System32\WindowsPowerShell\v1.0\;C:\Windows\System32\OpenSSH\;C:\Program Files (x86)\NVIDIA Corporation\PhysX\Common;C:\Program Files\NVIDIA Corporation\NVIDIA NvDLISR;C:\Program Files\Java\jdk-17.0.2\bin;E:\apache-maven-3.8.5-bin\bin;C:\Program Files\Git\cmd;C:\Program Files\Docker\Docker\resources\bin;C:\ProgramData\DockerDesktop\version-bin;C:\WINDOWS\system32;C:\WINDOWS;C:\WINDOWS\System32\Wbem;C:\WINDOWS\System32\WindowsPowerShell\v1.0\;C:\WINDOWS\System32\OpenSSH\;C:\Program Files\dotnet\;C:\Program Files (x86)\Microsoft Visual Studio\2022\BuildTools\MSBuild\Current\Bin;C:\Users\user\.cargo\bin;C:\Users\user\AppData\Local\Microsoft\WindowsApps;;C:\Program Files\JetBrains\IntelliJ IDEA 2021.3\bin;;C:\Users\user\AppData\Local\Programs\Microsoft VS Code\bin
USERNAME=user
OS=Windows_NT
PROCESSOR_IDENTIFIER=Intel64 Family 6 Model 165 Stepping 2, GenuineIntel



---------------  S Y S T E M  ---------------

OS:
 Windows 10 , 64 bit Build 19041 (10.0.19041.5915)
OS uptime: 33 days 12:26 hours

CPU: total 12 (initial active 12) (6 cores per cpu, 2 threads per core) family 6 model 165 stepping 2 microcode 0xc8, cx8, cmov, fxsr, ht, mmx, 3dnowpref, sse, sse2, sse3, ssse3, sse4.1, sse4.2, popcnt, lzcnt, tsc, tscinvbit, avx, avx2, aes, erms, clmul, bmi1, bmi2, adx, fma, vzeroupper, clflush, clflushopt

Memory: 4k page, system-wide physical 16169M (1419M free)
TotalPageFile size 28769M (AvailPageFile size 2M)
current process WorkingSet (physical memory assigned to process): 90M, peak: 90M
current process commit charge ("private bytes"): 372M, peak: 372M

vm_info: Java HotSpot(TM) 64-Bit Server VM (17.0.2+8-LTS-86) for windows-amd64 JRE (17.0.2+8-LTS-86), built on Dec  7 2021 21:51:03 by "mach5one" with MS VC++ 16.8 / 16.9 (VS2019)

END.
